quote-writer-startedquote-writer-startedquote-writer-startedquote-writer-startedquote-writer-startedquote-writer-startedquote-writer-task crash 
quote-writer-started

quote-writer-task crash

quote-writer-started

quote-writer-task completed

{:bid 10.7204M, :ask 10.7247M, :asset "29", :last 10.72255M, :volume 1.0M, :spread 0.0043M, :market :ctrader2, :timestamp #time/instant "2025-03-03T01:48:50.567436207Z"}
{:bid 20.4633M, :ask 20.468M, :asset "24", :last 20.46565M, :volume 1.0M, :spread 0.0047M, :market :ctrader2, :timestamp #time/instant "2025-03-03T01:48:50.577422514Z"}
{:bid 1.04196M, :ask 1.04196M, :asset "1", :last 1.04196M, :volume 1.0M, :spread 0.00000M, :market :ctrader2, :timestamp #time/instant "2025-03-03T01:48:50.583756373Z"}
{:bid 1.67292M, :ask 1.67295M, :asset "14", :last 1.672935M, :volume 1.0M, :spread 0.00003M, :market :ctrader2, :timestamp #time/instant "2025-03-03T01:48:50.737474605Z"}
{:bid 1.50396M, :ask 1.504M, :asset "17", :last 1.50398M, :volume 1.0M, :spread 0.00004M, :market :ctrader2, :timestamp #time/instant "2025-03-03T01:48:50.744175161Z"}
{:bid 1.85652M, :ask 1.85678M, :asset "26", :last 1.85665M, :volume 1.0M, :spread 0.00026M, :market :ctrader2, :timestamp #time/instant "2025-03-03T01:48:50.763302332Z"}
{:bid 11.2137M, :ask 11.2174M, :asset "22", :last 11.21555M, :volume 1.0M, :spread 0.0037M, :market :ctrader2, :timestamp #time/instant "2025-03-03T01:48:50.778909635Z"}
{:bid 10.7203M, :ask 10.7246M, :asset "29", :last 10.72245M, :volume 1.0M, :spread 0.0043M, :market :ctrader2, :timestamp #time/instant "2025-03-03T01:48:50.804977413Z"}
{:bid 189.663M, :ask 189.674M, :asset "7", :last 189.6685M, :volume 1.0M, :spread 0.011M, :market :ctrader2, :timestamp #time/instant "2025-03-03T01:48:51.056609887Z"}
{:bid 1.10978M, :ask 1.1099M, :asset "20", :last 1.10984M, :volume 1.0M, :spread 0.00012M, :market :ctrader2, :timestamp #time/instant "2025-03-03T01:48:51.087390777Z"}
{:bid 0.80998M, :ask 0.81009M, :asset "30", :last 0.810035M, :volume 1.0M, :spread 0.00011M, :market :ctrader2, :timestamp #time/instant "2025-03-03T01:48:51.100936595Z"}
{:bid 1.26105M, :ask 1.26108M, :asset "2", :last 1.261065M, :volume 1.0M, :spread 0.00003M, :market :ctrader2, :timestamp #time/instant "2025-03-03T01:48:51.115859593Z"}
{:bid 1.04197M, :ask 1.04197M, :asset "1", :last 1.04197M, :volume 1.0M, :spread 0.00000M, :market :ctrader2, :timestamp #time/instant "2025-03-03T01:48:51.127897900Z"}
{:bid 156.712M, :ask 156.716M, :asset "3", :last 156.714M, :volume 1.0M, :spread 0.004M, :market :ctrader2, :timestamp #time/instant "2025-03-03T01:48:51.142125881Z"}
{:bid 0.56117M, :ask 0.56123M, :asset "12", :last 0.5612M, :volume 1.0M, :spread 0.00006M, :market :ctrader2, :timestamp #time/instant "2025-03-03T01:48:51.150385856Z"}
{:bid 84.401M, :ask 84.412M, :asset "21", :last 84.4065M, :volume 1.0M, :spread 0.011M, :market :ctrader2, :timestamp #time/instant "2025-03-03T01:48:51.162730903Z"}
{:bid 1.85655M, :ask 1.85681M, :asset "26", :last 1.85668M, :volume 1.0M, :spread 0.00026M, :market :ctrader2, :timestamp #time/instant "2025-03-03T01:48:51.169407032Z"}
{:bid 2.02466M, :ask 2.02475M, :asset "16", :last 2.024705M, :volume 1.0M, :spread 0.00009M, :market :ctrader2, :timestamp #time/instant "2025-03-03T01:48:51.178211883Z"}
{:bid 0.82624M, :ask 0.82625M, :asset "9", :last 0.826245M, :volume 1.0M, :spread 0.00001M, :market :ctrader2, :timestamp #time/instant "2025-03-03T01:48:51.344457976Z"}
{:bid 2.02466M, :ask 2.02474M, :asset "16", :last 2.0247M, :volume 1.0M, :spread 0.00008M, :market :ctrader2, :timestamp #time/instant "2025-03-03T01:48:51.355717841Z"}
{:bid 1.82019M, :ask 1.82025M, :asset "19", :last 1.82022M, :volume 1.0M, :spread 0.00006M, :market :ctrader2, :timestamp #time/instant "2025-03-03T01:48:51.362320436Z"}
{:bid 189.662M, :ask 189.674M, :asset "7", :last 189.668M, :volume 1.0M, :spread 0.012M, :market :ctrader2, :timestamp #time/instant "2025-03-03T01:48:51.440523096Z"}
{:bid 1.1098M, :ask 1.10992M, :asset "20", :last 1.10986M, :volume 1.0M, :spread 0.00012M, :market :ctrader2, :timestamp #time/instant "2025-03-03T01:48:51.471319390Z"}
{:bid 0.56116M, :ask 0.56122M, :asset "12", :last 0.56119M, :volume 1.0M, :spread 0.00006M, :market :ctrader2, :timestamp #time/instant "2025-03-03T01:48:51.482848927Z"}
{:bid 84.399M, :ask 84.411M, :asset "21", :last 84.405M, :volume 1.0M, :spread 0.012M, :market :ctrader2, :timestamp #time/instant "2025-03-03T01:48:51.554445260Z"}
{:bid 1.85658M, :ask 1.85685M, :asset "26", :last 1.856715M, :volume 1.0M, :spread 0.00027M, :market :ctrader2, :timestamp #time/instant "2025-03-03T01:48:51.570007188Z"}
{:bid 2.24699M, :ask 2.24726M, :asset "25", :last 2.247125M, :volume 1.0M, :spread 0.00027M, :market :ctrader2, :timestamp #time/instant "2025-03-03T01:48:51.580761080Z"}
{:bid 1.10982M, :ask 1.10994M, :asset "20", :last 1.10988M, :volume 1.0M, :spread 0.00012M, :market :ctrader2, :timestamp #time/instant "2025-03-03T01:48:51.678813651Z"}
{:bid 0.80995M, :ask 0.81006M, :asset "30", :last 0.810005M, :volume 1.0M, :spread 0.00011M, :market :ctrader2, :timestamp #time/instant "2025-03-03T01:48:51.691517244Z"}
{:bid 0.56115M, :ask 0.56121M, :asset "12", :last 0.56118M, :volume 1.0M, :spread 0.00006M, :market :ctrader2, :timestamp #time/instant "2025-03-03T01:48:51.708091316Z"}
{:bid 84.398M, :ask 84.409M, :asset "21", :last 84.4035M, :volume 1.0M, :spread 0.011M, :market :ctrader2, :timestamp #time/instant "2025-03-03T01:48:51.762321186Z"}
{:bid 1.85662M, :ask 1.85688M, :asset "26", :last 1.85675M, :volume 1.0M, :spread 0.00026M, :market :ctrader2, :timestamp #time/instant "2025-03-03T01:48:51.779306101Z"}
{:bid 2.24703M, :ask 2.2473M, :asset "25", :last 2.247165M, :volume 1.0M, :spread 0.00027M, :market :ctrader2, :timestamp #time/instant "2025-03-03T01:48:51.793122763Z"}
{:bid 189.664M, :ask 189.676M, :asset "7", :last 189.67M, :volume 1.0M, :spread 0.012M, :market :ctrader2, :timestamp #time/instant "2025-03-03T01:48:51.852306811Z"}
{:bid 1.6729M, :ask 1.67293M, :asset "14", :last 1.672915M, :volume 1.0M, :spread 0.00003M, :market :ctrader2, :timestamp #time/instant "2025-03-03T01:48:51.862005272Z"}
{:bid 1.50395M, :ask 1.50398M, :asset "17", :last 1.503965M, :volume 1.0M, :spread 0.00003M, :market :ctrader2, :timestamp #time/instant "2025-03-03T01:48:51.878640617Z"}
{:bid 1.10978M, :ask 1.1099M, :asset "20", :last 1.10984M, :volume 1.0M, :spread 0.00012M, :market :ctrader2, :timestamp #time/instant "2025-03-03T01:48:51.888523388Z"}
{:bid 0.80998M, :ask 0.81009M, :asset "30", :last 0.810035M, :volume 1.0M, :spread 0.00011M, :market :ctrader2, :timestamp #time/instant "2025-03-03T01:48:51.903884298Z"}
{:bid 0.56117M, :ask 0.56123M, :asset "12", :last 0.5612M, :volume 1.0M, :spread 0.00006M, :market :ctrader2, :timestamp #time/instant "2025-03-03T01:48:51.913253096Z"}
{:bid 84.402M, :ask 84.414M, :asset "21", :last 84.408M, :volume 1.0M, :spread 0.012M, :market :ctrader2, :timestamp #time/instant "2025-03-03T01:48:51.965145690Z"}
{:bid 1.85652M, :ask 1.85678M, :asset "26", :last 1.85665M, :volume 1.0M, :spread 0.00026M, :market :ctrader2, :timestamp #time/instant "2025-03-03T01:48:51.974139643Z"}
{:bid 2.02468M, :ask 2.02476M, :asset "16", :last 2.02472M, :volume 1.0M, :spread 0.00008M, :market :ctrader2, :timestamp #time/instant "2025-03-03T01:48:51.992652330Z"}
{:bid 1.82021M, :ask 1.82027M, :asset "19", :last 1.82024M, :volume 1.0M, :spread 0.00006M, :market :ctrader2, :timestamp #time/instant "2025-03-03T01:48:52.001459968Z"}
{:bid 20.4632M, :ask 20.468M, :asset "24", :last 20.4656M, :volume 1.0M, :spread 0.0048M, :market :ctrader2, :timestamp #time/instant "2025-03-03T01:48:52.013864090Z"}
{:bid 1.26106M, :ask 1.26109M, :asset "2", :last 1.261075M, :volume 1.0M, :spread 0.00003M, :market :ctrader2, :timestamp #time/instant "2025-03-03T01:48:52.022486698Z"}
{:bid 2.24693M, :ask 2.2472M, :asset "25", :last 2.247065M, :volume 1.0M, :spread 0.00027M, :market :ctrader2, :timestamp #time/instant "2025-03-03T01:48:52.040330583Z"}
{:bid 189.666M, :ask 189.678M, :asset "7", :last 189.672M, :volume 1.0M, :spread 0.012M, :market :ctrader2, :timestamp #time/instant "2025-03-03T01:48:52.057804346Z"}
{:bid 1.67292M, :ask 1.67295M, :asset "14", :last 1.672935M, :volume 1.0M, :spread 0.00003M, :market :ctrader2, :timestamp #time/instant "2025-03-03T01:48:52.071094456Z"}
{:bid 1.50396M, :ask 1.504M, :asset "17", :last 1.50398M, :volume 1.0M, :spread 0.00004M, :market :ctrader2, :timestamp #time/instant "2025-03-03T01:48:52.082779830Z"}
{:bid 1.26107M, :ask 1.2611M, :asset "2", :last 1.261085M, :volume 1.0M, :spread 0.00003M, :market :ctrader2, :timestamp #time/instant "2025-03-03T01:48:52.139557865Z"}
{:bid 0.56118M, :ask 0.56124M, :asset "12", :last 0.56121M, :volume 1.0M, :spread 0.00006M, :market :ctrader2, :timestamp #time/instant "2025-03-03T01:48:52.150908654Z"}
{:bid 1.10976M, :ask 1.10988M, :asset "20", :last 1.10982M, :volume 1.0M, :spread 0.00012M, :market :ctrader2, :timestamp #time/instant "2025-03-03T01:48:52.168605652Z"}
{:bid 0.81M, :ask 0.81011M, :asset "30", :last 0.810055M, :volume 1.0M, :spread 0.00011M, :market :ctrader2, :timestamp #time/instant "2025-03-03T01:48:52.179573866Z"}
{:bid 2.02469M, :ask 2.02478M, :asset "16", :last 2.024735M, :volume 1.0M, :spread 0.00009M, :market :ctrader2, :timestamp #time/instant "2025-03-03T01:48:52.198327404Z"}
{:bid 1.82022M, :ask 1.82028M, :asset "19", :last 1.82025M, :volume 1.0M, :spread 0.00006M, :market :ctrader2, :timestamp #time/instant "2025-03-03T01:48:52.207806420Z"}
{:bid 2.24695M, :ask 2.24722M, :asset "25", :last 2.247085M, :volume 1.0M, :spread 0.00027M, :market :ctrader2, :timestamp #time/instant "2025-03-03T01:48:52.222385626Z"}
{:bid 0.82624M, :ask 0.82626M, :asset "9", :last 0.82625M, :volume 1.0M, :spread 0.00002M, :market :ctrader2, :timestamp #time/instant "2025-03-03T01:48:52.256704947Z"}
{:bid 0.90231M, :ask 0.90234M, :asset "6", :last 0.902325M, :volume 1.0M, :spread 0.00003M, :market :ctrader2, :timestamp #time/instant "2025-03-03T01:48:52.270990283Z"}
{:bid 0.62282M, :ask 0.62285M, :asset "5", :last 0.622835M, :volume 1.0M, :spread 0.00003M, :market :ctrader2, :timestamp #time/instant "2025-03-03T01:48:52.355374584Z"}
{:bid 1.67293M, :ask 1.67296M, :asset "14", :last 1.672945M, :volume 1.0M, :spread 0.00003M, :market :ctrader2, :timestamp #time/instant "2025-03-03T01:48:52.372036913Z"}
{:bid 1.50395M, :ask 1.50398M, :asset "17", :last 1.503965M, :volume 1.0M, :spread 0.00003M, :market :ctrader2, :timestamp #time/instant "2025-03-03T01:48:52.381126767Z"}
{:bid 93.673M, :ask 93.679M, :asset "11", :last 93.676M, :volume 1.0M, :spread 0.006M, :market :ctrader2, :timestamp #time/instant "2025-03-03T01:48:52.403083866Z"}
{:bid 166.679M, :ask 166.69M, :asset "13", :last 166.6845M, :volume 1.0M, :spread 0.011M, :market :ctrader2, :timestamp #time/instant "2025-03-03T01:48:52.412631800Z"}
{:bid 84.401M, :ask 84.412M, :asset "21", :last 84.4065M, :volume 1.0M, :spread 0.011M, :market :ctrader2, :timestamp #time/instant "2025-03-03T01:48:52.426289467Z"}
{:bid 1.85653M, :ask 1.85679M, :asset "26", :last 1.85666M, :volume 1.0M, :spread 0.00026M, :market :ctrader2, :timestamp #time/instant "2025-03-03T01:48:52.434720113Z"}
{:bid 0.80998M, :ask 0.81009M, :asset "30", :last 0.810035M, :volume 1.0M, :spread 0.00011M, :market :ctrader2, :timestamp #time/instant "2025-03-03T01:48:52.448239096Z"}
{:bid 0.56197M, :ask 0.56202M, :asset "23", :last 0.561995M, :volume 1.0M, :spread 0.00005M, :market :ctrader2, :timestamp #time/instant "2025-03-03T01:48:52.457879683Z"}
{:bid 1.26105M, :ask 1.26108M, :asset "2", :last 1.261065M, :volume 1.0M, :spread 0.00003M, :market :ctrader2, :timestamp #time/instant "2025-03-03T01:48:52.469462108Z"}
{:bid 1.82019M, :ask 1.82025M, :asset "19", :last 1.82022M, :volume 1.0M, :spread 0.00006M, :market :ctrader2, :timestamp #time/instant "2025-03-03T01:48:52.479380308Z"}
{:bid 0.62509M, :ask 0.62519M, :asset "27", :last 0.62514M, :volume 1.0M, :spread 0.00010M, :market :ctrader2, :timestamp #time/instant "2025-03-03T01:48:52.491724079Z"}
{:bid 11.2138M, :ask 11.2175M, :asset "22", :last 11.21565M, :volume 1.0M, :spread 0.0037M, :market :ctrader2, :timestamp #time/instant "2025-03-03T01:48:52.501934023Z"}
{:bid 10.7204M, :ask 10.7247M, :asset "29", :last 10.72255M, :volume 1.0M, :spread 0.0043M, :market :ctrader2, :timestamp #time/instant "2025-03-03T01:48:52.515969356Z"}
{:bid 0.56117M, :ask 0.56123M, :asset "12", :last 0.5612M, :volume 1.0M, :spread 0.00006M, :market :ctrader2, :timestamp #time/instant "2025-03-03T01:48:52.531770518Z"}
{:bid 1.04196M, :ask 1.04196M, :asset "1", :last 1.04196M, :volume 1.0M, :spread 0.00000M, :market :ctrader2, :timestamp #time/instant "2025-03-03T01:48:52.543289643Z"}
{:bid 0.89897M, :ask 0.89902M, :asset "18", :last 0.898995M, :volume 1.0M, :spread 0.00005M, :market :ctrader2, :timestamp #time/instant "2025-03-03T01:48:52.551149934Z"}
{:bid 1.34862M, :ask 1.34867M, :asset "28", :last 1.348645M, :volume 1.0M, :spread 0.00005M, :market :ctrader2, :timestamp #time/instant "2025-03-03T01:48:52.560264890Z"}
{:bid 1.44347M, :ask 1.44348M, :asset "8", :last 1.443475M, :volume 1.0M, :spread 0.00001M, :market :ctrader2, :timestamp #time/instant "2025-03-03T01:48:52.570797559Z"}
{:bid 189.663M, :ask 189.674M, :asset "7", :last 189.6685M, :volume 1.0M, :spread 0.011M, :market :ctrader2, :timestamp #time/instant "2025-03-03T01:48:52.584777875Z"}
{:bid 20.4626M, :ask 20.4674M, :asset "24", :last 20.465M, :volume 1.0M, :spread 0.0048M, :market :ctrader2, :timestamp #time/instant "2025-03-03T01:48:52.596532105Z"}
{:bid 156.711M, :ask 156.715M, :asset "3", :last 156.713M, :volume 1.0M, :spread 0.004M, :market :ctrader2, :timestamp #time/instant "2025-03-03T01:48:52.612503920Z"}
{:bid 104.196M, :ask 104.204M, :asset "15", :last 104.20M, :volume 1.0M, :spread 0.008M, :market :ctrader2, :timestamp #time/instant "2025-03-03T01:48:52.628573784Z"}
{:bid 0.80999M, :ask 0.8101M, :asset "30", :last 0.810045M, :volume 1.0M, :spread 0.00011M, :market :ctrader2, :timestamp #time/instant "2025-03-03T01:48:52.643480153Z"}
{:bid 1.8202M, :ask 1.82027M, :asset "19", :last 1.820235M, :volume 1.0M, :spread 0.00007M, :market :ctrader2, :timestamp #time/instant "2025-03-03T01:48:52.659591378Z"}
{:bid 0.62508M, :ask 0.62518M, :asset "27", :last 0.62513M, :volume 1.0M, :spread 0.00010M, :market :ctrader2, :timestamp #time/instant "2025-03-03T01:48:52.674534584Z"}
{:bid 189.662M, :ask 189.674M, :asset "7", :last 189.668M, :volume 1.0M, :spread 0.012M, :market :ctrader2, :timestamp #time/instant "2025-03-03T01:48:52.688240061Z"}
{:bid 20.4633M, :ask 20.4681M, :asset "24", :last 20.4657M, :volume 1.0M, :spread 0.0048M, :market :ctrader2, :timestamp #time/instant "2025-03-03T01:48:52.704236187Z"}
{:bid 150.401M, :ask 150.403M, :asset "4", :last 150.402M, :volume 1.0M, :spread 0.002M, :market :ctrader2, :timestamp #time/instant "2025-03-03T01:48:52.799406530Z"}
{:bid 0.62283M, :ask 0.62286M, :asset "5", :last 0.622845M, :volume 1.0M, :spread 0.00003M, :market :ctrader2, :timestamp #time/instant "2025-03-03T01:48:52.873017202Z"}
{:bid 1.44346M, :ask 1.44347M, :asset "8", :last 1.443465M, :volume 1.0M, :spread 0.00001M, :market :ctrader2, :timestamp #time/instant "2025-03-03T01:48:52.883271582Z"}
{:bid 189.661M, :ask 189.673M, :asset "7", :last 189.667M, :volume 1.0M, :spread 0.012M, :market :ctrader2, :timestamp #time/instant "2025-03-03T01:48:52.901213473Z"}
{:bid 1.6729M, :ask 1.67293M, :asset "14", :last 1.672915M, :volume 1.0M, :spread 0.00003M, :market :ctrader2, :timestamp #time/instant "2025-03-03T01:48:52.912072508Z"}
{:bid 1.26106M, :ask 1.26109M, :asset "2", :last 1.261075M, :volume 1.0M, :spread 0.00003M, :market :ctrader2, :timestamp #time/instant "2025-03-03T01:48:52.928976117Z"}
{:bid 0.89898M, :ask 0.89903M, :asset "18", :last 0.899005M, :volume 1.0M, :spread 0.00005M, :market :ctrader2, :timestamp #time/instant "2025-03-03T01:48:52.939574919Z"}
{:bid 1.04197M, :ask 1.04197M, :asset "1", :last 1.04197M, :volume 1.0M, :spread 0.00000M, :market :ctrader2, :timestamp #time/instant "2025-03-03T01:48:52.954813943Z"}
{:bid 93.675M, :ask 93.68M, :asset "11", :last 93.6775M, :volume 1.0M, :spread 0.005M, :market :ctrader2, :timestamp #time/instant "2025-03-03T01:48:52.977724054Z"}
{:bid 104.197M, :ask 104.205M, :asset "15", :last 104.201M, :volume 1.0M, :spread 0.008M, :market :ctrader2, :timestamp #time/instant "2025-03-03T01:48:52.991687412Z"}
{:bid 1.10978M, :ask 1.1099M, :asset "20", :last 1.10984M, :volume 1.0M, :spread 0.00012M, :market :ctrader2, :timestamp #time/instant "2025-03-03T01:48:53.000970257Z"}
{:bid 0.80998M, :ask 0.81009M, :asset "30", :last 0.810035M, :volume 1.0M, :spread 0.00011M, :market :ctrader2, :timestamp #time/instant "2025-03-03T01:48:53.025747254Z"}
{:bid 1.85655M, :ask 1.85681M, :asset "26", :last 1.85668M, :volume 1.0M, :spread 0.00026M, :market :ctrader2, :timestamp #time/instant "2025-03-03T01:48:53.035031073Z"}
{:bid 0.56198M, :ask 0.56203M, :asset "23", :last 0.562005M, :volume 1.0M, :spread 0.00005M, :market :ctrader2, :timestamp #time/instant "2025-03-03T01:48:53.048293733Z"}
{:bid 2.02468M, :ask 2.02476M, :asset "16", :last 2.02472M, :volume 1.0M, :spread 0.00008M, :market :ctrader2, :timestamp #time/instant "2025-03-03T01:48:53.057858432Z"}
{:bid 1.82021M, :ask 1.82027M, :asset "19", :last 1.82024M, :volume 1.0M, :spread 0.00006M, :market :ctrader2, :timestamp #time/instant "2025-03-03T01:48:53.072066467Z"}
{:bid 0.62509M, :ask 0.62519M, :asset "27", :last 0.62514M, :volume 1.0M, :spread 0.00010M, :market :ctrader2, :timestamp #time/instant "2025-03-03T01:48:53.082228597Z"}
{:bid 11.2137M, :ask 11.2174M, :asset "22", :last 11.21555M, :volume 1.0M, :spread 0.0037M, :market :ctrader2, :timestamp #time/instant "2025-03-03T01:48:53.091455855Z"}
{:bid 10.7203M, :ask 10.7246M, :asset "29", :last 10.72245M, :volume 1.0M, :spread 0.0043M, :market :ctrader2, :timestamp #time/instant "2025-03-03T01:48:53.098016612Z"}
{:bid 2.24697M, :ask 2.24724M, :asset "25", :last 2.247105M, :volume 1.0M, :spread 0.00027M, :market :ctrader2, :timestamp #time/instant "2025-03-03T01:48:53.106410825Z"}
{:bid 156.712M, :ask 156.716M, :asset "3", :last 156.714M, :volume 1.0M, :spread 0.004M, :market :ctrader2, :timestamp #time/instant "2025-03-03T01:48:53.113804813Z"}
{:bid 189.663M, :ask 189.675M, :asset "7", :last 189.669M, :volume 1.0M, :spread 0.012M, :market :ctrader2, :timestamp #time/instant "2025-03-03T01:48:53.122587904Z"}
{:bid 1.67292M, :ask 1.67295M, :asset "14", :last 1.672935M, :volume 1.0M, :spread 0.00003M, :market :ctrader2, :timestamp #time/instant "2025-03-03T01:48:53.129874995Z"}
{:bid 1.50396M, :ask 1.504M, :asset "17", :last 1.50398M, :volume 1.0M, :spread 0.00004M, :market :ctrader2, :timestamp #time/instant "2025-03-03T01:48:53.137184655Z"}
{:bid 1.34863M, :ask 1.34868M, :asset "28", :last 1.348655M, :volume 1.0M, :spread 0.00005M, :market :ctrader2, :timestamp #time/instant "2025-03-03T01:48:53.142617609Z"}
{:bid 93.674M, :ask 93.68M, :asset "11", :last 93.677M, :volume 1.0M, :spread 0.006M, :market :ctrader2, :timestamp #time/instant "2025-03-03T01:48:53.175987544Z"}
{:bid 104.196M, :ask 104.204M, :asset "15", :last 104.20M, :volume 1.0M, :spread 0.008M, :market :ctrader2, :timestamp #time/instant "2025-03-03T01:48:53.181259850Z"}
{:bid 166.678M, :ask 166.688M, :asset "13", :last 166.683M, :volume 1.0M, :spread 0.010M, :market :ctrader2, :timestamp #time/instant "2025-03-03T01:48:53.188520167Z"}
{:bid 84.4M, :ask 84.412M, :asset "21", :last 84.406M, :volume 1.0M, :spread 0.012M, :market :ctrader2, :timestamp #time/instant "2025-03-03T01:48:53.193787275Z"}
{:bid 189.664M, :ask 189.675M, :asset "7", :last 189.6695M, :volume 1.0M, :spread 0.011M, :market :ctrader2, :timestamp #time/instant "2025-03-03T01:48:53.266965231Z"}
{:bid 1.10978M, :ask 1.10988M, :asset "20", :last 1.10983M, :volume 1.0M, :spread 0.00010M, :market :ctrader2, :timestamp #time/instant "2025-03-03T01:48:53.273459513Z"}
{:bid 0.81M, :ask 0.81009M, :asset "30", :last 0.810045M, :volume 1.0M, :spread 0.00009M, :market :ctrader2, :timestamp #time/instant "2025-03-03T01:48:53.280835130Z"}
{:bid 0.56118M, :ask 0.56123M, :asset "12", :last 0.561205M, :volume 1.0M, :spread 0.00005M, :market :ctrader2, :timestamp #time/instant "2025-03-03T01:48:53.295541820Z"}
{:bid 84.402M, :ask 84.412M, :asset "21", :last 84.407M, :volume 1.0M, :spread 0.010M, :market :ctrader2, :timestamp #time/instant "2025-03-03T01:48:53.389343482Z"}
{:bid 1.85655M, :ask 1.85678M, :asset "26", :last 1.856665M, :volume 1.0M, :spread 0.00023M, :market :ctrader2, :timestamp #time/instant "2025-03-03T01:48:53.395448442Z"}
{:bid 1.82022M, :ask 1.82027M, :asset "19", :last 1.820245M, :volume 1.0M, :spread 0.00005M, :market :ctrader2, :timestamp #time/instant "2025-03-03T01:48:53.403628743Z"}
{:bid 2.24699M, :ask 2.2472M, :asset "25", :last 2.247095M, :volume 1.0M, :spread 0.00021M, :market :ctrader2, :timestamp #time/instant "2025-03-03T01:48:53.410224724Z"}
{:bid 150.402M, :ask 150.404M, :asset "4", :last 150.403M, :volume 1.0M, :spread 0.002M, :market :ctrader2, :timestamp #time/instant "2025-03-03T01:48:53.540547050Z"}
{:bid 1.26107M, :ask 1.26109M, :asset "2", :last 1.26108M, :volume 1.0M, :spread 0.00002M, :market :ctrader2, :timestamp #time/instant "2025-03-03T01:48:53.546811256Z"}
{:bid 93.675M, :ask 93.68M, :asset "11", :last 93.6775M, :volume 1.0M, :spread 0.005M, :market :ctrader2, :timestamp #time/instant "2025-03-03T01:48:53.583127787Z"}
{:bid 104.197M, :ask 104.205M, :asset "15", :last 104.201M, :volume 1.0M, :spread 0.008M, :market :ctrader2, :timestamp #time/instant "2025-03-03T01:48:53.588984469Z"}
{:bid 166.679M, :ask 166.69M, :asset "13", :last 166.6845M, :volume 1.0M, :spread 0.011M, :market :ctrader2, :timestamp #time/instant "2025-03-03T01:48:53.597036870Z"}
{:bid 2.02469M, :ask 2.02476M, :asset "16", :last 2.024725M, :volume 1.0M, :spread 0.00007M, :market :ctrader2, :timestamp #time/instant "2025-03-03T01:48:53.603698959Z"}
{:bid 20.4631M, :ask 20.4679M, :asset "24", :last 20.4655M, :volume 1.0M, :spread 0.0048M, :market :ctrader2, :timestamp #time/instant "2025-03-03T01:48:53.678643520Z"}
{:bid 150.401M, :ask 150.403M, :asset "4", :last 150.402M, :volume 1.0M, :spread 0.002M, :market :ctrader2, :timestamp #time/instant "2025-03-03T01:48:53.846072859Z"}
{:bid 93.674M, :ask 93.68M, :asset "11", :last 93.677M, :volume 1.0M, :spread 0.006M, :market :ctrader2, :timestamp #time/instant "2025-03-03T01:48:53.996750464Z"}
{:bid 104.196M, :ask 104.204M, :asset "15", :last 104.20M, :volume 1.0M, :spread 0.008M, :market :ctrader2, :timestamp #time/instant "2025-03-03T01:48:54.011352725Z"}
{:bid 166.678M, :ask 166.688M, :asset "13", :last 166.683M, :volume 1.0M, :spread 0.010M, :market :ctrader2, :timestamp #time/instant "2025-03-03T01:48:54.032918452Z"}
{:bid 0.9023M, :ask 0.90233M, :asset "6", :last 0.902315M, :volume 1.0M, :spread 0.00003M, :market :ctrader2, :timestamp #time/instant "2025-03-03T01:48:54.082073109Z"}
{:bid 150.402M, :ask 150.404M, :asset "4", :last 150.403M, :volume 1.0M, :spread 0.002M, :market :ctrader2, :timestamp #time/instant "2025-03-03T01:48:54.156901024Z"}
{:bid 189.665M, :ask 189.676M, :asset "7", :last 189.6705M, :volume 1.0M, :spread 0.011M, :market :ctrader2, :timestamp #time/instant "2025-03-03T01:48:54.178121061Z"}
{:bid 0.81M, :ask 0.81008M, :asset "30", :last 0.81004M, :volume 1.0M, :spread 0.00008M, :market :ctrader2, :timestamp #time/instant "2025-03-03T01:48:54.197723752Z"}
{:bid 93.675M, :ask 93.68M, :asset "11", :last 93.6775M, :volume 1.0M, :spread 0.005M, :market :ctrader2, :timestamp #time/instant "2025-03-03T01:48:54.209101675Z"}
{:bid 104.197M, :ask 104.205M, :asset "15", :last 104.201M, :volume 1.0M, :spread 0.008M, :market :ctrader2, :timestamp #time/instant "2025-03-03T01:48:54.223547508Z"}
{:bid 166.681M, :ask 166.691M, :asset "13", :last 166.686M, :volume 1.0M, :spread 0.010M, :market :ctrader2, :timestamp #time/instant "2025-03-03T01:48:54.244620164Z"}
{:bid 84.402M, :ask 84.411M, :asset "21", :last 84.4065M, :volume 1.0M, :spread 0.009M, :market :ctrader2, :timestamp #time/instant "2025-03-03T01:48:54.259886063Z"}
{:bid 1.85658M, :ask 1.85678M, :asset "26", :last 1.85668M, :volume 1.0M, :spread 0.00020M, :market :ctrader2, :timestamp #time/instant "2025-03-03T01:48:54.271294495Z"}
{:bid 0.56197M, :ask 0.56203M, :asset "23", :last 0.5620M, :volume 1.0M, :spread 0.00006M, :market :ctrader2, :timestamp #time/instant "2025-03-03T01:48:54.285735135Z"}
{:bid 0.62508M, :ask 0.62518M, :asset "27", :last 0.62513M, :volume 1.0M, :spread 0.00010M, :market :ctrader2, :timestamp #time/instant "2025-03-03T01:48:54.297201801Z"}
{:bid 11.2136M, :ask 11.2173M, :asset "22", :last 11.21545M, :volume 1.0M, :spread 0.0037M, :market :ctrader2, :timestamp #time/instant "2025-03-03T01:48:54.313266118Z"}
{:bid 2.24703M, :ask 2.2472M, :asset "25", :last 2.247115M, :volume 1.0M, :spread 0.00017M, :market :ctrader2, :timestamp #time/instant "2025-03-03T01:48:54.325709386Z"}
{:bid 0.56118M, :ask 0.56122M, :asset "12", :last 0.5612M, :volume 1.0M, :spread 0.00004M, :market :ctrader2, :timestamp #time/instant "2025-03-03T01:48:54.340123313Z"}
{:bid 1.1098M, :ask 1.10988M, :asset "20", :last 1.10984M, :volume 1.0M, :spread 0.00008M, :market :ctrader2, :timestamp #time/instant "2025-03-03T01:48:54.352777169Z"}
{:bid 150.401M, :ask 150.403M, :asset "4", :last 150.402M, :volume 1.0M, :spread 0.002M, :market :ctrader2, :timestamp #time/instant "2025-03-03T01:48:54.376348513Z"}
{:bid 1.26108M, :ask 1.2611M, :asset "2", :last 1.26109M, :volume 1.0M, :spread 0.00002M, :market :ctrader2, :timestamp #time/instant "2025-03-03T01:48:54.394817449Z"}
{:bid 189.666M, :ask 189.676M, :asset "7", :last 189.671M, :volume 1.0M, :spread 0.010M, :market :ctrader2, :timestamp #time/instant "2025-03-03T01:48:54.422859112Z"}
{:bid 93.674M, :ask 93.68M, :asset "11", :last 93.677M, :volume 1.0M, :spread 0.006M, :market :ctrader2, :timestamp #time/instant "2025-03-03T01:48:54.435745449Z"}
{:bid 104.196M, :ask 104.204M, :asset "15", :last 104.20M, :volume 1.0M, :spread 0.008M, :market :ctrader2, :timestamp #time/instant "2025-03-03T01:48:54.453611457Z"}
{:bid 166.68M, :ask 166.69M, :asset "13", :last 166.685M, :volume 1.0M, :spread 0.01M, :market :ctrader2, :timestamp #time/instant "2025-03-03T01:48:54.487690607Z"}
{:bid 84.402M, :ask 84.41M, :asset "21", :last 84.406M, :volume 1.0M, :spread 0.008M, :market :ctrader2, :timestamp #time/instant "2025-03-03T01:48:54.504251675Z"}
{:bid 2.02471M, :ask 2.02478M, :asset "16", :last 2.024745M, :volume 1.0M, :spread 0.00007M, :market :ctrader2, :timestamp #time/instant "2025-03-03T01:48:54.516714598Z"}
{:bid 1.82024M, :ask 1.82028M, :asset "19", :last 1.82026M, :volume 1.0M, :spread 0.00004M, :market :ctrader2, :timestamp #time/instant "2025-03-03T01:48:54.542478094Z"}
{:bid 2.24704M, :ask 2.24722M, :asset "25", :last 2.24713M, :volume 1.0M, :spread 0.00018M, :market :ctrader2, :timestamp #time/instant "2025-03-03T01:48:54.554717286Z"}
{:bid 189.662M, :ask 189.673M, :asset "7", :last 189.6675M, :volume 1.0M, :spread 0.011M, :market :ctrader2, :timestamp #time/instant "2025-03-03T01:48:54.682515330Z"}
{:bid 1.6729M, :ask 1.67293M, :asset "14", :last 1.672915M, :volume 1.0M, :spread 0.00003M, :market :ctrader2, :timestamp #time/instant "2025-03-03T01:48:54.696742339Z"}
{:bid 1.50395M, :ask 1.50398M, :asset "17", :last 1.503965M, :volume 1.0M, :spread 0.00003M, :market :ctrader2, :timestamp #time/instant "2025-03-03T01:48:54.706993552Z"}
{:bid 1.10982M, :ask 1.1099M, :asset "20", :last 1.10986M, :volume 1.0M, :spread 0.00008M, :market :ctrader2, :timestamp #time/instant "2025-03-03T01:48:54.713983739Z"}
{:bid 0.80998M, :ask 0.81006M, :asset "30", :last 0.81002M, :volume 1.0M, :spread 0.00008M, :market :ctrader2, :timestamp #time/instant "2025-03-03T01:48:54.722714029Z"}
{:bid 150.402M, :ask 150.404M, :asset "4", :last 150.403M, :volume 1.0M, :spread 0.002M, :market :ctrader2, :timestamp #time/instant "2025-03-03T01:48:54.728715917Z"}
{:bid 1.26105M, :ask 1.26107M, :asset "2", :last 1.26106M, :volume 1.0M, :spread 0.00002M, :market :ctrader2, :timestamp #time/instant "2025-03-03T01:48:54.736883123Z"}
{:bid 1.04196M, :ask 1.04196M, :asset "1", :last 1.04196M, :volume 1.0M, :spread 0.00000M, :market :ctrader2, :timestamp #time/instant "2025-03-03T01:48:54.742828455Z"}
{:bid 0.56117M, :ask 0.56121M, :asset "12", :last 0.56119M, :volume 1.0M, :spread 0.00004M, :market :ctrader2, :timestamp #time/instant "2025-03-03T01:48:54.751798834Z"}
{:bid 93.675M, :ask 93.681M, :asset "11", :last 93.678M, :volume 1.0M, :spread 0.006M, :market :ctrader2, :timestamp #time/instant "2025-03-03T01:48:54.799038618Z"}
{:bid 104.198M, :ask 104.205M, :asset "15", :last 104.2015M, :volume 1.0M, :spread 0.007M, :market :ctrader2, :timestamp #time/instant "2025-03-03T01:48:54.806347614Z"}
{:bid 166.682M, :ask 166.693M, :asset "13", :last 166.6875M, :volume 1.0M, :spread 0.011M, :market :ctrader2, :timestamp #time/instant "2025-03-03T01:48:54.812397693Z"}
{:bid 84.401M, :ask 84.41M, :asset "21", :last 84.4055M, :volume 1.0M, :spread 0.009M, :market :ctrader2, :timestamp #time/instant "2025-03-03T01:48:54.820955289Z"}
{:bid 1.8566M, :ask 1.85679M, :asset "26", :last 1.856695M, :volume 1.0M, :spread 0.00019M, :market :ctrader2, :timestamp #time/instant "2025-03-03T01:48:54.827207161Z"}
{:bid 2.02466M, :ask 2.02473M, :asset "16", :last 2.024695M, :volume 1.0M, :spread 0.00007M, :market :ctrader2, :timestamp #time/instant "2025-03-03T01:48:54.841641750Z"}
{:bid 1.82019M, :ask 1.82024M, :asset "19", :last 1.820215M, :volume 1.0M, :spread 0.00005M, :market :ctrader2, :timestamp #time/instant "2025-03-03T01:48:54.851718472Z"}
{:bid 11.2138M, :ask 11.2176M, :asset "22", :last 11.2157M, :volume 1.0M, :spread 0.0038M, :market :ctrader2, :timestamp #time/instant "2025-03-03T01:48:54.863867597Z"}
{:bid 10.7204M, :ask 10.7247M, :asset "29", :last 10.72255M, :volume 1.0M, :spread 0.0043M, :market :ctrader2, :timestamp #time/instant "2025-03-03T01:48:54.875793257Z"}
{:bid 2.24703M, :ask 2.2472M, :asset "25", :last 2.247115M, :volume 1.0M, :spread 0.00017M, :market :ctrader2, :timestamp #time/instant "2025-03-03T01:48:54.886812250Z"}
{:bid 0.62281M, :ask 0.62284M, :asset "5", :last 0.622825M, :volume 1.0M, :spread 0.00003M, :market :ctrader2, :timestamp #time/instant "2025-03-03T01:48:54.898453240Z"}
{:bid 0.90232M, :ask 0.90235M, :asset "6", :last 0.902335M, :volume 1.0M, :spread 0.00003M, :market :ctrader2, :timestamp #time/instant "2025-03-03T01:48:54.913527892Z"}
{:bid 1.67295M, :ask 1.67299M, :asset "14", :last 1.67297M, :volume 1.0M, :spread 0.00004M, :market :ctrader2, :timestamp #time/instant "2025-03-03T01:48:54.921605250Z"}
{:bid 1.10978M, :ask 1.10987M, :asset "20", :last 1.109825M, :volume 1.0M, :spread 0.00009M, :market :ctrader2, :timestamp #time/instant "2025-03-03T01:48:54.934961997Z"}
{:bid 0.89895M, :ask 0.899M, :asset "18", :last 0.898975M, :volume 1.0M, :spread 0.00005M, :market :ctrader2, :timestamp #time/instant "2025-03-03T01:48:54.945267491Z"}
{:bid 156.711M, :ask 156.715M, :asset "3", :last 156.713M, :volume 1.0M, :spread 0.004M, :market :ctrader2, :timestamp #time/instant "2025-03-03T01:48:54.956752273Z"}
{:bid 1.34864M, :ask 1.34869M, :asset "28", :last 1.348665M, :volume 1.0M, :spread 0.00005M, :market :ctrader2, :timestamp #time/instant "2025-03-03T01:48:54.968666988Z"}
{:bid 93.669M, :ask 93.675M, :asset "11", :last 93.672M, :volume 1.0M, :spread 0.006M, :market :ctrader2, :timestamp #time/instant "2025-03-03T01:48:55.007635566Z"}
{:bid 104.195M, :ask 104.203M, :asset "15", :last 104.199M, :volume 1.0M, :spread 0.008M, :market :ctrader2, :timestamp #time/instant "2025-03-03T01:48:55.016150081Z"}
{:bid 166.679M, :ask 166.689M, :asset "13", :last 166.684M, :volume 1.0M, :spread 0.010M, :market :ctrader2, :timestamp #time/instant "2025-03-03T01:48:55.026725162Z"}
{:bid 84.398M, :ask 84.407M, :asset "21", :last 84.4025M, :volume 1.0M, :spread 0.009M, :market :ctrader2, :timestamp #time/instant "2025-03-03T01:48:55.037654111Z"}
{:bid 1.85666M, :ask 1.85686M, :asset "26", :last 1.85676M, :volume 1.0M, :spread 0.00020M, :market :ctrader2, :timestamp #time/instant "2025-03-03T01:48:55.049160128Z"}
{:bid 0.56195M, :ask 0.562M, :asset "23", :last 0.561975M, :volume 1.0M, :spread 0.00005M, :market :ctrader2, :timestamp #time/instant "2025-03-03T01:48:55.056610779Z"}
{:bid 2.02479M, :ask 2.02486M, :asset "16", :last 2.024825M, :volume 1.0M, :spread 0.00007M, :market :ctrader2, :timestamp #time/instant "2025-03-03T01:48:55.073195352Z"}
{:bid 1.82023M, :ask 1.82028M, :asset "19", :last 1.820255M, :volume 1.0M, :spread 0.00005M, :market :ctrader2, :timestamp #time/instant "2025-03-03T01:48:55.082233451Z"}
{:bid 11.2139M, :ask 11.2177M, :asset "22", :last 11.2158M, :volume 1.0M, :spread 0.0038M, :market :ctrader2, :timestamp #time/instant "2025-03-03T01:48:55.096081936Z"}
{:bid 2.24711M, :ask 2.24728M, :asset "25", :last 2.247195M, :volume 1.0M, :spread 0.00017M, :market :ctrader2, :timestamp #time/instant "2025-03-03T01:48:55.110551344Z"}
{:bid 0.62278M, :ask 0.62281M, :asset "5", :last 0.622795M, :volume 1.0M, :spread 0.00003M, :market :ctrader2, :timestamp #time/instant "2025-03-03T01:48:55.131380132Z"}
{:bid 1.44349M, :ask 1.4435M, :asset "8", :last 1.443495M, :volume 1.0M, :spread 0.00001M, :market :ctrader2, :timestamp #time/instant "2025-03-03T01:48:55.141172240Z"}
{:bid 189.664M, :ask 189.674M, :asset "7", :last 189.669M, :volume 1.0M, :spread 0.010M, :market :ctrader2, :timestamp #time/instant "2025-03-03T01:48:55.152945035Z"}
{:bid 1.67303M, :ask 1.67307M, :asset "14", :last 1.67305M, :volume 1.0M, :spread 0.00004M, :market :ctrader2, :timestamp #time/instant "2025-03-03T01:48:55.161839819Z"}
{:bid 1.50398M, :ask 1.50401M, :asset "17", :last 1.503995M, :volume 1.0M, :spread 0.00003M, :market :ctrader2, :timestamp #time/instant "2025-03-03T01:48:55.176653347Z"}
{:bid 20.4633M, :ask 20.4681M, :asset "24", :last 20.4657M, :volume 1.0M, :spread 0.0048M, :market :ctrader2, :timestamp #time/instant "2025-03-03T01:48:55.184862628Z"}
{:bid 1.10977M, :ask 1.10985M, :asset "20", :last 1.10981M, :volume 1.0M, :spread 0.00008M, :market :ctrader2, :timestamp #time/instant "2025-03-03T01:48:55.196876909Z"}
{:bid 0.89893M, :ask 0.89898M, :asset "18", :last 0.898955M, :volume 1.0M, :spread 0.00005M, :market :ctrader2, :timestamp #time/instant "2025-03-03T01:48:55.207778009Z"}
{:bid 150.403M, :ask 150.405M, :asset "4", :last 150.404M, :volume 1.0M, :spread 0.002M, :market :ctrader2, :timestamp #time/instant "2025-03-03T01:48:55.228678418Z"}
{:bid 0.94018M, :ask 0.94023M, :asset "10", :last 0.940205M, :volume 1.0M, :spread 0.00005M, :market :ctrader2, :timestamp #time/instant "2025-03-03T01:48:55.240604245Z"}
{:bid 0.56115M, :ask 0.56119M, :asset "12", :last 0.56117M, :volume 1.0M, :spread 0.00004M, :market :ctrader2, :timestamp #time/instant "2025-03-03T01:48:55.254119174Z"}
{:bid 1.34866M, :ask 1.34871M, :asset "28", :last 1.348685M, :volume 1.0M, :spread 0.00005M, :market :ctrader2, :timestamp #time/instant "2025-03-03T01:48:55.262854480Z"}
{:bid 0.80997M, :ask 0.81005M, :asset "30", :last 0.81001M, :volume 1.0M, :spread 0.00008M, :market :ctrader2, :timestamp #time/instant "2025-03-03T01:48:55.276934763Z"}
{:bid 93.668M, :ask 93.673M, :asset "11", :last 93.6705M, :volume 1.0M, :spread 0.005M, :market :ctrader2, :timestamp #time/instant "2025-03-03T01:48:55.286466902Z"}
{:bid 0.56194M, :ask 0.562M, :asset "23", :last 0.56197M, :volume 1.0M, :spread 0.00006M, :market :ctrader2, :timestamp #time/instant "2025-03-03T01:48:55.298371205Z"}
{:bid 2.0248M, :ask 2.02489M, :asset "16", :last 2.024845M, :volume 1.0M, :spread 0.00009M, :market :ctrader2, :timestamp #time/instant "2025-03-03T01:48:55.309474788Z"}
{:bid 1.82021M, :ask 1.82028M, :asset "19", :last 1.820245M, :volume 1.0M, :spread 0.00007M, :market :ctrader2, :timestamp #time/instant "2025-03-03T01:48:55.322054918Z"}
{:bid 11.2137M, :ask 11.2175M, :asset "22", :last 11.2156M, :volume 1.0M, :spread 0.0038M, :market :ctrader2, :timestamp #time/instant "2025-03-03T01:48:55.330491261Z"}
{:bid 2.24713M, :ask 2.24732M, :asset "25", :last 2.247225M, :volume 1.0M, :spread 0.00019M, :market :ctrader2, :timestamp #time/instant "2025-03-03T01:48:55.342690632Z"}
{:bid 0.90233M, :ask 0.90236M, :asset "6", :last 0.902345M, :volume 1.0M, :spread 0.00003M, :market :ctrader2, :timestamp #time/instant "2025-03-03T01:48:55.370643845Z"}
{:bid 189.661M, :ask 189.672M, :asset "7", :last 189.6665M, :volume 1.0M, :spread 0.011M, :market :ctrader2, :timestamp #time/instant "2025-03-03T01:48:55.399616269Z"}
{:bid 20.4636M, :ask 20.4683M, :asset "24", :last 20.46595M, :volume 1.0M, :spread 0.0047M, :market :ctrader2, :timestamp #time/instant "2025-03-03T01:48:55.418816037Z"}
{:bid 166.677M, :ask 166.687M, :asset "13", :last 166.682M, :volume 1.0M, :spread 0.010M, :market :ctrader2, :timestamp #time/instant "2025-03-03T01:48:55.447402993Z"}
{:bid 84.397M, :ask 84.405M, :asset "21", :last 84.401M, :volume 1.0M, :spread 0.008M, :market :ctrader2, :timestamp #time/instant "2025-03-03T01:48:55.467951181Z"}
{:bid 1.8567M, :ask 1.85689M, :asset "26", :last 1.856795M, :volume 1.0M, :spread 0.00019M, :market :ctrader2, :timestamp #time/instant "2025-03-03T01:48:55.496371443Z"}
{:bid 1.10979M, :ask 1.10987M, :asset "20", :last 1.10983M, :volume 1.0M, :spread 0.00008M, :market :ctrader2, :timestamp #time/instant "2025-03-03T01:48:55.510579751Z"}
{:bid 0.80996M, :ask 0.81004M, :asset "30", :last 0.8100M, :volume 1.0M, :spread 0.00008M, :market :ctrader2, :timestamp #time/instant "2025-03-03T01:48:55.524229683Z"}
{:bid 0.62509M, :ask 0.62519M, :asset "27", :last 0.62514M, :volume 1.0M, :spread 0.00010M, :market :ctrader2, :timestamp #time/instant "2025-03-03T01:48:55.533218623Z"}
{:bid 1.26103M, :ask 1.26106M, :asset "2", :last 1.261045M, :volume 1.0M, :spread 0.00003M, :market :ctrader2, :timestamp #time/instant "2025-03-03T01:48:55.548841589Z"}
{:bid 0.56113M, :ask 0.56117M, :asset "12", :last 0.56115M, :volume 1.0M, :spread 0.00004M, :market :ctrader2, :timestamp #time/instant "2025-03-03T01:48:55.558133388Z"}
{:bid 2.02479M, :ask 2.02487M, :asset "16", :last 2.02483M, :volume 1.0M, :spread 0.00008M, :market :ctrader2, :timestamp #time/instant "2025-03-03T01:48:55.572571988Z"}
{:bid 1.8202M, :ask 1.82026M, :asset "19", :last 1.82023M, :volume 1.0M, :spread 0.00006M, :market :ctrader2, :timestamp #time/instant "2025-03-03T01:48:55.580102857Z"}
{:bid 2.24716M, :ask 2.24734M, :asset "25", :last 2.24725M, :volume 1.0M, :spread 0.00018M, :market :ctrader2, :timestamp #time/instant "2025-03-03T01:48:55.594385242Z"}
{:bid 20.4632M, :ask 20.4679M, :asset "24", :last 20.46555M, :volume 1.0M, :spread 0.0047M, :market :ctrader2, :timestamp #time/instant "2025-03-03T01:48:55.606061416Z"}
{:bid 84.395M, :ask 84.404M, :asset "21", :last 84.3995M, :volume 1.0M, :spread 0.009M, :market :ctrader2, :timestamp #time/instant "2025-03-03T01:48:55.625209773Z"}
{:bid 0.80994M, :ask 0.81002M, :asset "30", :last 0.80998M, :volume 1.0M, :spread 0.00008M, :market :ctrader2, :timestamp #time/instant "2025-03-03T01:48:55.635495948Z"}
{:bid 1.85673M, :ask 1.85693M, :asset "26", :last 1.85683M, :volume 1.0M, :spread 0.00020M, :market :ctrader2, :timestamp #time/instant "2025-03-03T01:48:55.651677511Z"}
{:bid 104.196M, :ask 104.204M, :asset "15", :last 104.20M, :volume 1.0M, :spread 0.008M, :market :ctrader2, :timestamp #time/instant "2025-03-03T01:48:55.805108130Z"}
{:bid 1.82019M, :ask 1.82025M, :asset "19", :last 1.82022M, :volume 1.0M, :spread 0.00006M, :market :ctrader2, :timestamp #time/instant "2025-03-03T01:48:55.822804213Z"}
{:bid 20.4633M, :ask 20.468M, :asset "24", :last 20.46565M, :volume 1.0M, :spread 0.0047M, :market :ctrader2, :timestamp #time/instant "2025-03-03T01:48:55.985124343Z"}
{:bid 2.02481M, :ask 2.02489M, :asset "16", :last 2.02485M, :volume 1.0M, :spread 0.00008M, :market :ctrader2, :timestamp #time/instant "2025-03-03T01:48:56.011909290Z"}
{:bid 1.8202M, :ask 1.82026M, :asset "19", :last 1.82023M, :volume 1.0M, :spread 0.00006M, :market :ctrader2, :timestamp #time/instant "2025-03-03T01:48:56.021681210Z"}
{:bid 2.24717M, :ask 2.24736M, :asset "25", :last 2.247265M, :volume 1.0M, :spread 0.00019M, :market :ctrader2, :timestamp #time/instant "2025-03-03T01:48:56.033055442Z"}
{:bid 1.26104M, :ask 1.26107M, :asset "2", :last 1.261055M, :volume 1.0M, :spread 0.00003M, :market :ctrader2, :timestamp #time/instant "2025-03-03T01:48:56.060194289Z"}
{:bid 1.50397M, :ask 1.504M, :asset "17", :last 1.503985M, :volume 1.0M, :spread 0.00003M, :market :ctrader2, :timestamp #time/instant "2025-03-03T01:48:56.090777506Z"}
{:bid 0.89892M, :ask 0.89897M, :asset "18", :last 0.898945M, :volume 1.0M, :spread 0.00005M, :market :ctrader2, :timestamp #time/instant "2025-03-03T01:48:56.103662616Z"}
{:bid 189.662M, :ask 189.674M, :asset "7", :last 189.668M, :volume 1.0M, :spread 0.012M, :market :ctrader2, :timestamp #time/instant "2025-03-03T01:48:56.117035531Z"}
{:bid 1.44348M, :ask 1.44349M, :asset "8", :last 1.443485M, :volume 1.0M, :spread 0.00001M, :market :ctrader2, :timestamp #time/instant "2025-03-03T01:48:56.137356748Z"}
{:bid 1.10981M, :ask 1.10989M, :asset "20", :last 1.10985M, :volume 1.0M, :spread 0.00008M, :market :ctrader2, :timestamp #time/instant "2025-03-03T01:48:56.150059782Z"}
{:bid 20.4632M, :ask 20.4679M, :asset "24", :last 20.46555M, :volume 1.0M, :spread 0.0047M, :market :ctrader2, :timestamp #time/instant "2025-03-03T01:48:56.202578138Z"}
{:bid 93.667M, :ask 93.674M, :asset "11", :last 93.6705M, :volume 1.0M, :spread 0.007M, :market :ctrader2, :timestamp #time/instant "2025-03-03T01:48:56.224098329Z"}
{:bid 104.195M, :ask 104.203M, :asset "15", :last 104.199M, :volume 1.0M, :spread 0.008M, :market :ctrader2, :timestamp #time/instant "2025-03-03T01:48:56.234597025Z"}
{:bid 84.393M, :ask 84.406M, :asset "21", :last 84.3995M, :volume 1.0M, :spread 0.013M, :market :ctrader2, :timestamp #time/instant "2025-03-03T01:48:56.248209544Z"}
{:bid 1.85667M, :ask 1.85696M, :asset "26", :last 1.856815M, :volume 1.0M, :spread 0.00029M, :market :ctrader2, :timestamp #time/instant "2025-03-03T01:48:56.254471404Z"}
{:bid 0.62278M, :ask 0.62282M, :asset "5", :last 0.6228M, :volume 1.0M, :spread 0.00004M, :market :ctrader2, :timestamp #time/instant "2025-03-03T01:48:56.262762969Z"}
{:bid 0.90231M, :ask 0.90238M, :asset "6", :last 0.902345M, :volume 1.0M, :spread 0.00007M, :market :ctrader2, :timestamp #time/instant "2025-03-03T01:48:56.273025204Z"}
{:bid 0.56193M, :ask 0.56202M, :asset "23", :last 0.561975M, :volume 1.0M, :spread 0.00009M, :market :ctrader2, :timestamp #time/instant "2025-03-03T01:48:56.290545875Z"}
{:bid 2.02477M, :ask 2.02489M, :asset "16", :last 2.02483M, :volume 1.0M, :spread 0.00012M, :market :ctrader2, :timestamp #time/instant "2025-03-03T01:48:56.304738640Z"}
{:bid 2.24709M, :ask 2.2474M, :asset "25", :last 2.247245M, :volume 1.0M, :spread 0.00031M, :market :ctrader2, :timestamp #time/instant "2025-03-03T01:48:56.321238113Z"}
{:bid 0.82624M, :ask 0.82625M, :asset "9", :last 0.826245M, :volume 1.0M, :spread 0.00001M, :market :ctrader2, :timestamp #time/instant "2025-03-03T01:48:56.331041778Z"}
{:bid 1.34867M, :ask 1.34872M, :asset "28", :last 1.348695M, :volume 1.0M, :spread 0.00005M, :market :ctrader2, :timestamp #time/instant "2025-03-03T01:48:56.348943353Z"}
{:bid 1.10977M, :ask 1.10993M, :asset "20", :last 1.10985M, :volume 1.0M, :spread 0.00016M, :market :ctrader2, :timestamp #time/instant "2025-03-03T01:48:56.357305527Z"}
{:bid 0.80992M, :ask 0.81004M, :asset "30", :last 0.80998M, :volume 1.0M, :spread 0.00012M, :market :ctrader2, :timestamp #time/instant "2025-03-03T01:48:56.369075010Z"}
{:bid 0.89892M, :ask 0.89899M, :asset "18", :last 0.898955M, :volume 1.0M, :spread 0.00007M, :market :ctrader2, :timestamp #time/instant "2025-03-03T01:48:56.378663373Z"}
{:bid 189.661M, :ask 189.673M, :asset "7", :last 189.667M, :volume 1.0M, :spread 0.012M, :market :ctrader2, :timestamp #time/instant "2025-03-03T01:48:56.391008205Z"}
{:bid 0.56112M, :ask 0.56119M, :asset "12", :last 0.561155M, :volume 1.0M, :spread 0.00007M, :market :ctrader2, :timestamp #time/instant "2025-03-03T01:48:56.400299155Z"}
{:bid 150.402M, :ask 150.404M, :asset "4", :last 150.403M, :volume 1.0M, :spread 0.002M, :market :ctrader2, :timestamp #time/instant "2025-03-03T01:48:56.414756084Z"}
{:bid 1.67303M, :ask 1.6731M, :asset "14", :last 1.673065M, :volume 1.0M, :spread 0.00007M, :market :ctrader2, :timestamp #time/instant "2025-03-03T01:48:56.422891552Z"}
{:bid 93.665M, :ask 93.673M, :asset "11", :last 93.669M, :volume 1.0M, :spread 0.008M, :market :ctrader2, :timestamp #time/instant "2025-03-03T01:48:56.441978397Z"}
{:bid 166.674M, :ask 166.691M, :asset "13", :last 166.6825M, :volume 1.0M, :spread 0.017M, :market :ctrader2, :timestamp #time/instant "2025-03-03T01:48:56.449590178Z"}
{:bid 0.62277M, :ask 0.62281M, :asset "5", :last 0.62279M, :volume 1.0M, :spread 0.00004M, :market :ctrader2, :timestamp #time/instant "2025-03-03T01:48:56.463921569Z"}
{:bid 0.9023M, :ask 0.90237M, :asset "6", :last 0.902335M, :volume 1.0M, :spread 0.00007M, :market :ctrader2, :timestamp #time/instant "2025-03-03T01:48:56.475775857Z"}
{:bid 0.56192M, :ask 0.56201M, :asset "23", :last 0.561965M, :volume 1.0M, :spread 0.00009M, :market :ctrader2, :timestamp #time/instant "2025-03-03T01:48:56.493155537Z"}
{:bid 2.0248M, :ask 2.02492M, :asset "16", :last 2.02486M, :volume 1.0M, :spread 0.00012M, :market :ctrader2, :timestamp #time/instant "2025-03-03T01:48:56.511294966Z"}
{:bid 0.62507M, :ask 0.6252M, :asset "27", :last 0.625135M, :volume 1.0M, :spread 0.00013M, :market :ctrader2, :timestamp #time/instant "2025-03-03T01:48:56.529752699Z"}
{:bid 0.89891M, :ask 0.89897M, :asset "18", :last 0.89894M, :volume 1.0M, :spread 0.00006M, :market :ctrader2, :timestamp #time/instant "2025-03-03T01:48:56.546072730Z"}
{:bid 20.4633M, :ask 20.468M, :asset "24", :last 20.46565M, :volume 1.0M, :spread 0.0047M, :market :ctrader2, :timestamp #time/instant "2025-03-03T01:48:56.597609293Z"}
{:bid 1.10973M, :ask 1.10989M, :asset "20", :last 1.10981M, :volume 1.0M, :spread 0.00016M, :market :ctrader2, :timestamp #time/instant "2025-03-03T01:48:56.611266140Z"}
{:bid 0.80994M, :ask 0.81006M, :asset "30", :last 0.8100M, :volume 1.0M, :spread 0.00012M, :market :ctrader2, :timestamp #time/instant "2025-03-03T01:48:56.631663433Z"}
{:bid 0.62278M, :ask 0.62282M, :asset "5", :last 0.6228M, :volume 1.0M, :spread 0.00004M, :market :ctrader2, :timestamp #time/instant "2025-03-03T01:48:56.641079095Z"}
{:bid 93.667M, :ask 93.674M, :asset "11", :last 93.6705M, :volume 1.0M, :spread 0.007M, :market :ctrader2, :timestamp #time/instant "2025-03-03T01:48:56.652507046Z"}
{:bid 2.02477M, :ask 2.02489M, :asset "16", :last 2.02483M, :volume 1.0M, :spread 0.00012M, :market :ctrader2, :timestamp #time/instant "2025-03-03T01:48:56.662539749Z"}
{:bid 1.67301M, :ask 1.67307M, :asset "14", :last 1.67304M, :volume 1.0M, :spread 0.00006M, :market :ctrader2, :timestamp #time/instant "2025-03-03T01:48:56.700251706Z"}
{:bid 0.89892M, :ask 0.89899M, :asset "18", :last 0.898955M, :volume 1.0M, :spread 0.00007M, :market :ctrader2, :timestamp #time/instant "2025-03-03T01:48:56.708715114Z"}
{:bid 93.668M, :ask 93.675M, :asset "11", :last 93.6715M, :volume 1.0M, :spread 0.007M, :market :ctrader2, :timestamp #time/instant "2025-03-03T01:48:56.825965720Z"}
{:bid 104.196M, :ask 104.204M, :asset "15", :last 104.20M, :volume 1.0M, :spread 0.008M, :market :ctrader2, :timestamp #time/instant "2025-03-03T01:48:56.839918663Z"}
{:bid 166.675M, :ask 166.693M, :asset "13", :last 166.684M, :volume 1.0M, :spread 0.018M, :market :ctrader2, :timestamp #time/instant "2025-03-03T01:48:56.858383219Z"}
{:bid 84.394M, :ask 84.407M, :asset "21", :last 84.4005M, :volume 1.0M, :spread 0.013M, :market :ctrader2, :timestamp #time/instant "2025-03-03T01:48:56.871585550Z"}
{:bid 150.403M, :ask 150.405M, :asset "4", :last 150.404M, :volume 1.0M, :spread 0.002M, :market :ctrader2, :timestamp #time/instant "2025-03-03T01:48:56.904583752Z"}
{:bid 189.662M, :ask 189.674M, :asset "7", :last 189.668M, :volume 1.0M, :spread 0.012M, :market :ctrader2, :timestamp #time/instant "2025-03-03T01:48:56.918647004Z"}
{:bid 20.4633M, :ask 20.4681M, :asset "24", :last 20.4657M, :volume 1.0M, :spread 0.0048M, :market :ctrader2, :timestamp #time/instant "2025-03-03T01:48:57.064413379Z"}
{:bid 1.10977M, :ask 1.10993M, :asset "20", :last 1.10985M, :volume 1.0M, :spread 0.00016M, :market :ctrader2, :timestamp #time/instant "2025-03-03T01:48:57.076980972Z"}
{:bid 0.56113M, :ask 0.5612M, :asset "12", :last 0.561165M, :volume 1.0M, :spread 0.00007M, :market :ctrader2, :timestamp #time/instant "2025-03-03T01:48:57.095964756Z"}
{:bid 0.80992M, :ask 0.81004M, :asset "30", :last 0.80998M, :volume 1.0M, :spread 0.00012M, :market :ctrader2, :timestamp #time/instant "2025-03-03T01:48:57.109200397Z"}
{:bid 0.62278M, :ask 0.62281M, :asset "5", :last 0.622795M, :volume 1.0M, :spread 0.00003M, :market :ctrader2, :timestamp #time/instant "2025-03-03T01:48:57.187085850Z"}
{:bid 93.668M, :ask 93.673M, :asset "11", :last 93.6705M, :volume 1.0M, :spread 0.005M, :market :ctrader2, :timestamp #time/instant "2025-03-03T01:48:57.198803251Z"}
{:bid 84.395M, :ask 84.407M, :asset "21", :last 84.401M, :volume 1.0M, :spread 0.012M, :market :ctrader2, :timestamp #time/instant "2025-03-03T01:48:57.212771247Z"}
{:bid 1.85666M, :ask 1.85693M, :asset "26", :last 1.856795M, :volume 1.0M, :spread 0.00027M, :market :ctrader2, :timestamp #time/instant "2025-03-03T01:48:57.221296942Z"}
{:bid 2.02481M, :ask 2.02489M, :asset "16", :last 2.02485M, :volume 1.0M, :spread 0.00008M, :market :ctrader2, :timestamp #time/instant "2025-03-03T01:48:57.229797351Z"}
{:bid 2.24709M, :ask 2.24736M, :asset "25", :last 2.247225M, :volume 1.0M, :spread 0.00027M, :market :ctrader2, :timestamp #time/instant "2025-03-03T01:48:57.235764094Z"}
{:bid 1.67303M, :ask 1.67307M, :asset "14", :last 1.67305M, :volume 1.0M, :spread 0.00004M, :market :ctrader2, :timestamp #time/instant "2025-03-03T01:48:57.253062213Z"}
{:bid 1.10977M, :ask 1.10989M, :asset "20", :last 1.10983M, :volume 1.0M, :spread 0.00012M, :market :ctrader2, :timestamp #time/instant "2025-03-03T01:48:57.261157544Z"}
{:bid 0.80994M, :ask 0.81004M, :asset "30", :last 0.80999M, :volume 1.0M, :spread 0.00010M, :market :ctrader2, :timestamp #time/instant "2025-03-03T01:48:57.269942219Z"}
{:bid 0.89892M, :ask 0.89897M, :asset "18", :last 0.898945M, :volume 1.0M, :spread 0.00005M, :market :ctrader2, :timestamp #time/instant "2025-03-03T01:48:57.359156019Z"}
{:bid 150.402M, :ask 150.404M, :asset "4", :last 150.403M, :volume 1.0M, :spread 0.002M, :market :ctrader2, :timestamp #time/instant "2025-03-03T01:48:57.367623756Z"}
{:bid 1.26105M, :ask 1.26108M, :asset "2", :last 1.261065M, :volume 1.0M, :spread 0.00003M, :market :ctrader2, :timestamp #time/instant "2025-03-03T01:48:57.375251289Z"}
{:bid 1.04197M, :ask 1.04197M, :asset "1", :last 1.04197M, :volume 1.0M, :spread 0.00000M, :market :ctrader2, :timestamp #time/instant "2025-03-03T01:48:57.383846659Z"}
{:bid 156.712M, :ask 156.716M, :asset "3", :last 156.714M, :volume 1.0M, :spread 0.004M, :market :ctrader2, :timestamp #time/instant "2025-03-03T01:48:57.394454014Z"}
{:bid 0.62281M, :ask 0.62284M, :asset "5", :last 0.622825M, :volume 1.0M, :spread 0.00003M, :market :ctrader2, :timestamp #time/instant "2025-03-03T01:48:57.403010136Z"}
{:bid 0.90229M, :ask 0.90236M, :asset "6", :last 0.902325M, :volume 1.0M, :spread 0.00007M, :market :ctrader2, :timestamp #time/instant "2025-03-03T01:48:57.409309541Z"}
{:bid 0.56115M, :ask 0.56121M, :asset "12", :last 0.56118M, :volume 1.0M, :spread 0.00006M, :market :ctrader2, :timestamp #time/instant "2025-03-03T01:48:57.421927879Z"}
{:bid 93.671M, :ask 93.677M, :asset "11", :last 93.674M, :volume 1.0M, :spread 0.006M, :market :ctrader2, :timestamp #time/instant "2025-03-03T01:48:57.428258554Z"}
{:bid 166.676M, :ask 166.693M, :asset "13", :last 166.6845M, :volume 1.0M, :spread 0.017M, :market :ctrader2, :timestamp #time/instant "2025-03-03T01:48:57.441490269Z"}
{:bid 84.398M, :ask 84.409M, :asset "21", :last 84.4035M, :volume 1.0M, :spread 0.011M, :market :ctrader2, :timestamp #time/instant "2025-03-03T01:48:57.447185598Z"}
{:bid 1.85662M, :ask 1.85688M, :asset "26", :last 1.85675M, :volume 1.0M, :spread 0.00026M, :market :ctrader2, :timestamp #time/instant "2025-03-03T01:48:57.455085527Z"}
{:bid 0.56195M, :ask 0.56203M, :asset "23", :last 0.56199M, :volume 1.0M, :spread 0.00008M, :market :ctrader2, :timestamp #time/instant "2025-03-03T01:48:57.460932951Z"}
{:bid 2.02472M, :ask 2.02481M, :asset "16", :last 2.024765M, :volume 1.0M, :spread 0.00009M, :market :ctrader2, :timestamp #time/instant "2025-03-03T01:48:57.468657757Z"}
{:bid 1.8202M, :ask 1.82027M, :asset "19", :last 1.820235M, :volume 1.0M, :spread 0.00007M, :market :ctrader2, :timestamp #time/instant "2025-03-03T01:48:57.474310854Z"}
{:bid 11.2136M, :ask 11.2174M, :asset "22", :last 11.2155M, :volume 1.0M, :spread 0.0038M, :market :ctrader2, :timestamp #time/instant "2025-03-03T01:48:57.482080810Z"}
{:bid 10.7203M, :ask 10.7246M, :asset "29", :last 10.72245M, :volume 1.0M, :spread 0.0043M, :market :ctrader2, :timestamp #time/instant "2025-03-03T01:48:57.487663089Z"}
{:bid 2.24703M, :ask 2.2473M, :asset "25", :last 2.247165M, :volume 1.0M, :spread 0.00027M, :market :ctrader2, :timestamp #time/instant "2025-03-03T01:48:57.495490847Z"}
{:bid 1.67297M, :ask 1.673M, :asset "14", :last 1.672985M, :volume 1.0M, :spread 0.00003M, :market :ctrader2, :timestamp #time/instant "2025-03-03T01:48:57.504375884Z"}
{:bid 20.4632M, :ask 20.468M, :asset "24", :last 20.4656M, :volume 1.0M, :spread 0.0048M, :market :ctrader2, :timestamp #time/instant "2025-03-03T01:48:57.511781897Z"}
{:bid 1.10978M, :ask 1.10991M, :asset "20", :last 1.109845M, :volume 1.0M, :spread 0.00013M, :market :ctrader2, :timestamp #time/instant "2025-03-03T01:48:57.517067980Z"}
{:bid 0.80996M, :ask 0.81007M, :asset "30", :last 0.810015M, :volume 1.0M, :spread 0.00011M, :market :ctrader2, :timestamp #time/instant "2025-03-03T01:48:57.525164140Z"}
{:bid 0.94017M, :ask 0.94022M, :asset "10", :last 0.940195M, :volume 1.0M, :spread 0.00005M, :market :ctrader2, :timestamp #time/instant "2025-03-03T01:48:57.531370804Z"}
{:bid 1.44347M, :ask 1.44348M, :asset "8", :last 1.443475M, :volume 1.0M, :spread 0.00001M, :market :ctrader2, :timestamp #time/instant "2025-03-03T01:48:57.540355870Z"}
{:bid 1.50397M, :ask 1.50401M, :asset "17", :last 1.50399M, :volume 1.0M, :spread 0.00004M, :market :ctrader2, :timestamp #time/instant "2025-03-03T01:48:57.550733953Z"}
{:bid 0.56116M, :ask 0.56122M, :asset "12", :last 0.56119M, :volume 1.0M, :spread 0.00006M, :market :ctrader2, :timestamp #time/instant "2025-03-03T01:48:57.579429795Z"}
{:bid 93.671M, :ask 93.676M, :asset "11", :last 93.6735M, :volume 1.0M, :spread 0.005M, :market :ctrader2, :timestamp #time/instant "2025-03-03T01:48:57.588522008Z"}
{:bid 104.195M, :ask 104.203M, :asset "15", :last 104.199M, :volume 1.0M, :spread 0.008M, :market :ctrader2, :timestamp #time/instant "2025-03-03T01:48:57.596662469Z"}
{:bid 166.674M, :ask 166.692M, :asset "13", :last 166.683M, :volume 1.0M, :spread 0.018M, :market :ctrader2, :timestamp #time/instant "2025-03-03T01:48:57.602425486Z"}
{:bid 84.399M, :ask 84.41M, :asset "21", :last 84.4045M, :volume 1.0M, :spread 0.011M, :market :ctrader2, :timestamp #time/instant "2025-03-03T01:48:57.610130730Z"}
{:bid 1.85658M, :ask 1.85685M, :asset "26", :last 1.856715M, :volume 1.0M, :spread 0.00027M, :market :ctrader2, :timestamp #time/instant "2025-03-03T01:48:57.615682479Z"}
{:bid 2.24699M, :ask 2.24726M, :asset "25", :last 2.247125M, :volume 1.0M, :spread 0.00027M, :market :ctrader2, :timestamp #time/instant "2025-03-03T01:48:57.624113069Z"}
{:bid 1.34863M, :ask 1.34868M, :asset "28", :last 1.348655M, :volume 1.0M, :spread 0.00005M, :market :ctrader2, :timestamp #time/instant "2025-03-03T01:48:57.630573609Z"}
{:bid 1.10976M, :ask 1.10989M, :asset "20", :last 1.109825M, :volume 1.0M, :spread 0.00013M, :market :ctrader2, :timestamp #time/instant "2025-03-03T01:48:57.660438645Z"}
{:bid 0.80997M, :ask 0.81008M, :asset "30", :last 0.810025M, :volume 1.0M, :spread 0.00011M, :market :ctrader2, :timestamp #time/instant "2025-03-03T01:48:57.666084143Z"}
{:bid 1.26106M, :ask 1.26109M, :asset "2", :last 1.261075M, :volume 1.0M, :spread 0.00003M, :market :ctrader2, :timestamp #time/instant "2025-03-03T01:48:57.674580719Z"}
{:bid 189.663M, :ask 189.675M, :asset "7", :last 189.669M, :volume 1.0M, :spread 0.012M, :market :ctrader2, :timestamp #time/instant "2025-03-03T01:48:57.680595716Z"}
{:bid 1.50398M, :ask 1.50401M, :asset "17", :last 1.503995M, :volume 1.0M, :spread 0.00003M, :market :ctrader2, :timestamp #time/instant "2025-03-03T01:48:57.723432781Z"}
{:bid 0.89895M, :ask 0.899M, :asset "18", :last 0.898975M, :volume 1.0M, :spread 0.00005M, :market :ctrader2, :timestamp #time/instant "2025-03-03T01:48:57.762233443Z"}
{:bid 104.196M, :ask 104.204M, :asset "15", :last 104.20M, :volume 1.0M, :spread 0.008M, :market :ctrader2, :timestamp #time/instant "2025-03-03T01:48:57.781395684Z"}
{:bid 2.02474M, :ask 2.02482M, :asset "16", :last 2.02478M, :volume 1.0M, :spread 0.00008M, :market :ctrader2, :timestamp #time/instant "2025-03-03T01:48:57.789202891Z"}
{:bid 1.82021M, :ask 1.82027M, :asset "19", :last 1.82024M, :volume 1.0M, :spread 0.00006M, :market :ctrader2, :timestamp #time/instant "2025-03-03T01:48:57.797791954Z"}
{:bid 0.62508M, :ask 0.6252M, :asset "27", :last 0.62514M, :volume 1.0M, :spread 0.00012M, :market :ctrader2, :timestamp #time/instant "2025-03-03T01:48:57.805685421Z"}
{:bid 2.24701M, :ask 2.24728M, :asset "25", :last 2.247145M, :volume 1.0M, :spread 0.00027M, :market :ctrader2, :timestamp #time/instant "2025-03-03T01:48:57.815814336Z"}
{:bid 1.34862M, :ask 1.34867M, :asset "28", :last 1.348645M, :volume 1.0M, :spread 0.00005M, :market :ctrader2, :timestamp #time/instant "2025-03-03T01:48:57.844633371Z"}
{:bid 1.26107M, :ask 1.2611M, :asset "2", :last 1.261085M, :volume 1.0M, :spread 0.00003M, :market :ctrader2, :timestamp #time/instant "2025-03-03T01:48:57.862530788Z"}
{:bid 189.664M, :ask 189.676M, :asset "7", :last 189.67M, :volume 1.0M, :spread 0.012M, :market :ctrader2, :timestamp #time/instant "2025-03-03T01:48:57.877029431Z"}
{:bid 1.85658M, :ask 1.85684M, :asset "26", :last 1.85671M, :volume 1.0M, :spread 0.00026M, :market :ctrader2, :timestamp #time/instant "2025-03-03T01:48:57.992839520Z"}
{:bid 2.02476M, :ask 2.02484M, :asset "16", :last 2.0248M, :volume 1.0M, :spread 0.00008M, :market :ctrader2, :timestamp #time/instant "2025-03-03T01:48:57.998433940Z"}
{:bid 1.82022M, :ask 1.82028M, :asset "19", :last 1.82025M, :volume 1.0M, :spread 0.00006M, :market :ctrader2, :timestamp #time/instant "2025-03-03T01:48:58.006222911Z"}
{:bid 2.24703M, :ask 2.2473M, :asset "25", :last 2.247165M, :volume 1.0M, :spread 0.00027M, :market :ctrader2, :timestamp #time/instant "2025-03-03T01:48:58.012877555Z"}
{:bid 150.401M, :ask 150.403M, :asset "4", :last 150.402M, :volume 1.0M, :spread 0.002M, :market :ctrader2, :timestamp #time/instant "2025-03-03T01:48:58.063003915Z"}
{:bid 1.44346M, :ask 1.44347M, :asset "8", :last 1.443465M, :volume 1.0M, :spread 0.00001M, :market :ctrader2, :timestamp #time/instant "2025-03-03T01:48:58.090866243Z"}
{:bid 1.50396M, :ask 1.504M, :asset "17", :last 1.50398M, :volume 1.0M, :spread 0.00004M, :market :ctrader2, :timestamp #time/instant "2025-03-03T01:48:58.099070604Z"}
{:bid 189.665M, :ask 189.678M, :asset "7", :last 189.6715M, :volume 1.0M, :spread 0.013M, :market :ctrader2, :timestamp #time/instant "2025-03-03T01:48:58.178343687Z"}
{:bid 0.56116M, :ask 0.56123M, :asset "12", :last 0.561195M, :volume 1.0M, :spread 0.00007M, :market :ctrader2, :timestamp #time/instant "2025-03-03T01:48:58.186810533Z"}
{:bid 93.671M, :ask 93.679M, :asset "11", :last 93.675M, :volume 1.0M, :spread 0.008M, :market :ctrader2, :timestamp #time/instant "2025-03-03T01:48:58.194120920Z"}
{:bid 104.197M, :ask 104.205M, :asset "15", :last 104.201M, :volume 1.0M, :spread 0.008M, :market :ctrader2, :timestamp #time/instant "2025-03-03T01:48:58.202010108Z"}
{:bid 166.676M, :ask 166.693M, :asset "13", :last 166.6845M, :volume 1.0M, :spread 0.017M, :market :ctrader2, :timestamp #time/instant "2025-03-03T01:48:58.210662077Z"}
{:bid 84.399M, :ask 84.412M, :asset "21", :last 84.4055M, :volume 1.0M, :spread 0.013M, :market :ctrader2, :timestamp #time/instant "2025-03-03T01:48:58.218483202Z"}
{:bid 1.85655M, :ask 1.85684M, :asset "26", :last 1.856695M, :volume 1.0M, :spread 0.00029M, :market :ctrader2, :timestamp #time/instant "2025-03-03T01:48:58.224104535Z"}
{:bid 0.56195M, :ask 0.56204M, :asset "23", :last 0.561995M, :volume 1.0M, :spread 0.00009M, :market :ctrader2, :timestamp #time/instant "2025-03-03T01:48:58.232203417Z"}
{:bid 2.02472M, :ask 2.02484M, :asset "16", :last 2.02478M, :volume 1.0M, :spread 0.00012M, :market :ctrader2, :timestamp #time/instant "2025-03-03T01:48:58.238471980Z"}
{:bid 2.24699M, :ask 2.2473M, :asset "25", :last 2.247145M, :volume 1.0M, :spread 0.00031M, :market :ctrader2, :timestamp #time/instant "2025-03-03T01:48:58.247109095Z"}
{:bid 1.67294M, :ask 1.673M, :asset "14", :last 1.67297M, :volume 1.0M, :spread 0.00006M, :market :ctrader2, :timestamp #time/instant "2025-03-03T01:48:58.261127231Z"}
{:bid 0.80997M, :ask 0.81009M, :asset "30", :last 0.81003M, :volume 1.0M, :spread 0.00012M, :market :ctrader2, :timestamp #time/instant "2025-03-03T01:48:58.269144391Z"}
{:bid 0.89895M, :ask 0.89902M, :asset "18", :last 0.898985M, :volume 1.0M, :spread 0.00007M, :market :ctrader2, :timestamp #time/instant "2025-03-03T01:48:58.275999796Z"}
{:bid 150.402M, :ask 150.404M, :asset "4", :last 150.403M, :volume 1.0M, :spread 0.002M, :market :ctrader2, :timestamp #time/instant "2025-03-03T01:48:58.283877853Z"}
{:bid 1.10974M, :ask 1.1099M, :asset "20", :last 1.10982M, :volume 1.0M, :spread 0.00016M, :market :ctrader2, :timestamp #time/instant "2025-03-03T01:48:58.362257860Z"}
{:bid 189.666M, :ask 189.678M, :asset "7", :last 189.672M, :volume 1.0M, :spread 0.012M, :market :ctrader2, :timestamp #time/instant "2025-03-03T01:48:58.536151222Z"}
{:bid 150.401M, :ask 150.403M, :asset "4", :last 150.402M, :volume 1.0M, :spread 0.002M, :market :ctrader2, :timestamp #time/instant "2025-03-03T01:48:58.592733853Z"}
{:bid 93.671M, :ask 93.678M, :asset "11", :last 93.6745M, :volume 1.0M, :spread 0.007M, :market :ctrader2, :timestamp #time/instant "2025-03-03T01:48:58.601399410Z"}
{:bid 104.196M, :ask 104.204M, :asset "15", :last 104.20M, :volume 1.0M, :spread 0.008M, :market :ctrader2, :timestamp #time/instant "2025-03-03T01:48:58.607573699Z"}
{:bid 166.674M, :ask 166.692M, :asset "13", :last 166.683M, :volume 1.0M, :spread 0.018M, :market :ctrader2, :timestamp #time/instant "2025-03-03T01:48:58.615894427Z"}
{:bid 150.402M, :ask 150.404M, :asset "4", :last 150.403M, :volume 1.0M, :spread 0.002M, :market :ctrader2, :timestamp #time/instant "2025-03-03T01:48:58.913715705Z"}
{:bid 156.713M, :ask 156.717M, :asset "3", :last 156.715M, :volume 1.0M, :spread 0.004M, :market :ctrader2, :timestamp #time/instant "2025-03-03T01:48:58.988364054Z"}
{:bid 189.665M, :ask 189.678M, :asset "7", :last 189.6715M, :volume 1.0M, :spread 0.013M, :market :ctrader2, :timestamp #time/instant "2025-03-03T01:48:58.995558977Z"}
{:bid 93.671M, :ask 93.679M, :asset "11", :last 93.675M, :volume 1.0M, :spread 0.008M, :market :ctrader2, :timestamp #time/instant "2025-03-03T01:48:59.003589390Z"}
{:bid 104.197M, :ask 104.205M, :asset "15", :last 104.201M, :volume 1.0M, :spread 0.008M, :market :ctrader2, :timestamp #time/instant "2025-03-03T01:48:59.009968698Z"}
{:bid 166.676M, :ask 166.693M, :asset "13", :last 166.6845M, :volume 1.0M, :spread 0.017M, :market :ctrader2, :timestamp #time/instant "2025-03-03T01:48:59.053717032Z"}
{:bid 150.401M, :ask 150.403M, :asset "4", :last 150.402M, :volume 1.0M, :spread 0.002M, :market :ctrader2, :timestamp #time/instant "2025-03-03T01:48:59.091773233Z"}
{:bid 0.62281M, :ask 0.62285M, :asset "5", :last 0.62283M, :volume 1.0M, :spread 0.00004M, :market :ctrader2, :timestamp #time/instant "2025-03-03T01:48:59.106399771Z"}
{:bid 0.80995M, :ask 0.81008M, :asset "30", :last 0.810015M, :volume 1.0M, :spread 0.00013M, :market :ctrader2, :timestamp #time/instant "2025-03-03T01:48:59.175190739Z"}
{:bid 156.712M, :ask 156.716M, :asset "3", :last 156.714M, :volume 1.0M, :spread 0.004M, :market :ctrader2, :timestamp #time/instant "2025-03-03T01:48:59.189758370Z"}
{:bid 189.664M, :ask 189.676M, :asset "7", :last 189.67M, :volume 1.0M, :spread 0.012M, :market :ctrader2, :timestamp #time/instant "2025-03-03T01:48:59.195497637Z"}
{:bid 0.56115M, :ask 0.56122M, :asset "12", :last 0.561185M, :volume 1.0M, :spread 0.00007M, :market :ctrader2, :timestamp #time/instant "2025-03-03T01:48:59.203773638Z"}
{:bid 93.671M, :ask 93.678M, :asset "11", :last 93.6745M, :volume 1.0M, :spread 0.007M, :market :ctrader2, :timestamp #time/instant "2025-03-03T01:48:59.218757666Z"}
{:bid 104.196M, :ask 104.204M, :asset "15", :last 104.20M, :volume 1.0M, :spread 0.008M, :market :ctrader2, :timestamp #time/instant "2025-03-03T01:48:59.226189038Z"}
{:bid 166.674M, :ask 166.692M, :asset "13", :last 166.683M, :volume 1.0M, :spread 0.018M, :market :ctrader2, :timestamp #time/instant "2025-03-03T01:48:59.231695382Z"}
{:bid 84.397M, :ask 84.41M, :asset "21", :last 84.4035M, :volume 1.0M, :spread 0.013M, :market :ctrader2, :timestamp #time/instant "2025-03-03T01:48:59.239431996Z"}
{:bid 1.85658M, :ask 1.85688M, :asset "26", :last 1.85673M, :volume 1.0M, :spread 0.00030M, :market :ctrader2, :timestamp #time/instant "2025-03-03T01:48:59.245796247Z"}
{:bid 2.24703M, :ask 2.24734M, :asset "25", :last 2.247185M, :volume 1.0M, :spread 0.00031M, :market :ctrader2, :timestamp #time/instant "2025-03-03T01:48:59.254847202Z"}
{:bid 1.10976M, :ask 1.10992M, :asset "20", :last 1.10984M, :volume 1.0M, :spread 0.00016M, :market :ctrader2, :timestamp #time/instant "2025-03-03T01:48:59.273682779Z"}
{:bid 2.24702M, :ask 2.24734M, :asset "25", :last 2.24718M, :volume 1.0M, :spread 0.00032M, :market :ctrader2, :timestamp #time/instant "2025-03-03T01:48:59.412601238Z"}
{:bid 1.10974M, :ask 1.1099M, :asset "20", :last 1.10982M, :volume 1.0M, :spread 0.00016M, :market :ctrader2, :timestamp #time/instant "2025-03-03T01:48:59.467852380Z"}
{:bid 0.80997M, :ask 0.81009M, :asset "30", :last 0.81003M, :volume 1.0M, :spread 0.00012M, :market :ctrader2, :timestamp #time/instant "2025-03-03T01:48:59.476221719Z"}
{:bid 0.56116M, :ask 0.56123M, :asset "12", :last 0.561195M, :volume 1.0M, :spread 0.00007M, :market :ctrader2, :timestamp #time/instant "2025-03-03T01:48:59.482831286Z"}
{:bid 93.672M, :ask 93.68M, :asset "11", :last 93.676M, :volume 1.0M, :spread 0.008M, :market :ctrader2, :timestamp #time/instant "2025-03-03T01:48:59.611008613Z"}
{:bid 104.197M, :ask 104.205M, :asset "15", :last 104.201M, :volume 1.0M, :spread 0.008M, :market :ctrader2, :timestamp #time/instant "2025-03-03T01:48:59.617442020Z"}
{:bid 1.44345M, :ask 1.44346M, :asset "8", :last 1.443455M, :volume 1.0M, :spread 0.00001M, :market :ctrader2, :timestamp #time/instant "2025-03-03T01:48:59.625854523Z"}
{:bid 84.399M, :ask 84.412M, :asset "21", :last 84.4055M, :volume 1.0M, :spread 0.013M, :market :ctrader2, :timestamp #time/instant "2025-03-03T01:48:59.631919001Z"}
{:bid 1.85655M, :ask 1.85685M, :asset "26", :last 1.8567M, :volume 1.0M, :spread 0.00030M, :market :ctrader2, :timestamp #time/instant "2025-03-03T01:48:59.640339890Z"}
{:bid 2.02469M, :ask 2.02481M, :asset "16", :last 2.02475M, :volume 1.0M, :spread 0.00012M, :market :ctrader2, :timestamp #time/instant "2025-03-03T01:48:59.646656841Z"}
{:bid 1.82021M, :ask 1.82027M, :asset "19", :last 1.82024M, :volume 1.0M, :spread 0.00006M, :market :ctrader2, :timestamp #time/instant "2025-03-03T01:48:59.657327630Z"}
{:bid 0.62508M, :ask 0.62521M, :asset "27", :last 0.625145M, :volume 1.0M, :spread 0.00013M, :market :ctrader2, :timestamp #time/instant "2025-03-03T01:48:59.664528750Z"}
{:bid 2.24699M, :ask 2.2473M, :asset "25", :last 2.247145M, :volume 1.0M, :spread 0.00031M, :market :ctrader2, :timestamp #time/instant "2025-03-03T01:48:59.675956446Z"}
{:bid 1.50395M, :ask 1.50399M, :asset "17", :last 1.50397M, :volume 1.0M, :spread 0.00004M, :market :ctrader2, :timestamp #time/instant "2025-03-03T01:48:59.682337376Z"}
{:bid 1.67292M, :ask 1.67298M, :asset "14", :last 1.67295M, :volume 1.0M, :spread 0.00006M, :market :ctrader2, :timestamp #time/instant "2025-03-03T01:48:59.693543026Z"}
{:bid 1.10976M, :ask 1.10992M, :asset "20", :last 1.10984M, :volume 1.0M, :spread 0.00016M, :market :ctrader2, :timestamp #time/instant "2025-03-03T01:48:59.699209606Z"}
{:bid 0.80996M, :ask 0.81009M, :asset "30", :last 0.810025M, :volume 1.0M, :spread 0.00013M, :market :ctrader2, :timestamp #time/instant "2025-03-03T01:48:59.707006713Z"}
{:bid 0.89896M, :ask 0.89903M, :asset "18", :last 0.898995M, :volume 1.0M, :spread 0.00007M, :market :ctrader2, :timestamp #time/instant "2025-03-03T01:48:59.712610353Z"}
{:bid 0.62282M, :ask 0.62286M, :asset "5", :last 0.62284M, :volume 1.0M, :spread 0.00004M, :market :ctrader2, :timestamp #time/instant "2025-03-03T01:48:59.720128602Z"}
{:bid 1.85655M, :ask 1.85684M, :asset "26", :last 1.856695M, :volume 1.0M, :spread 0.00029M, :market :ctrader2, :timestamp #time/instant "2025-03-03T01:48:59.807791897Z"}
{:bid 2.02471M, :ask 2.02482M, :asset "16", :last 2.024765M, :volume 1.0M, :spread 0.00011M, :market :ctrader2, :timestamp #time/instant "2025-03-03T01:48:59.819672725Z"}
{:bid 1.82022M, :ask 1.82028M, :asset "19", :last 1.82025M, :volume 1.0M, :spread 0.00006M, :market :ctrader2, :timestamp #time/instant "2025-03-03T01:48:59.826012006Z"}
{:bid 2.247M, :ask 2.24731M, :asset "25", :last 2.247155M, :volume 1.0M, :spread 0.00031M, :market :ctrader2, :timestamp #time/instant "2025-03-03T01:48:59.834692526Z"}
{:bid 189.666M, :ask 189.678M, :asset "7", :last 189.672M, :volume 1.0M, :spread 0.012M, :market :ctrader2, :timestamp #time/instant "2025-03-03T01:48:59.843454394Z"}
{:bid 1.26108M, :ask 1.26111M, :asset "2", :last 1.261095M, :volume 1.0M, :spread 0.00003M, :market :ctrader2, :timestamp #time/instant "2025-03-03T01:48:59.857472763Z"}
{:bid 150.402M, :ask 150.404M, :asset "4", :last 150.403M, :volume 1.0M, :spread 0.002M, :market :ctrader2, :timestamp #time/instant "2025-03-03T01:48:59.964378429Z"}
{:bid 93.673M, :ask 93.68M, :asset "11", :last 93.6765M, :volume 1.0M, :spread 0.007M, :market :ctrader2, :timestamp #time/instant "2025-03-03T01:49:00.005477279Z"}
{:bid 104.198M, :ask 104.205M, :asset "15", :last 104.2015M, :volume 1.0M, :spread 0.007M, :market :ctrader2, :timestamp #time/instant "2025-03-03T01:49:00.011868919Z"}
{:bid 166.676M, :ask 166.693M, :asset "13", :last 166.6845M, :volume 1.0M, :spread 0.017M, :market :ctrader2, :timestamp #time/instant "2025-03-03T01:49:00.021117481Z"}
{:bid 1.67294M, :ask 1.673M, :asset "14", :last 1.67297M, :volume 1.0M, :spread 0.00006M, :market :ctrader2, :timestamp #time/instant "2025-03-03T01:49:00.076106879Z"}
{:bid 1.10974M, :ask 1.1099M, :asset "20", :last 1.10982M, :volume 1.0M, :spread 0.00016M, :market :ctrader2, :timestamp #time/instant "2025-03-03T01:49:00.086223266Z"}
{:bid 0.89895M, :ask 0.89901M, :asset "18", :last 0.89898M, :volume 1.0M, :spread 0.00006M, :market :ctrader2, :timestamp #time/instant "2025-03-03T01:49:00.094156796Z"}
{:bid 0.62281M, :ask 0.62285M, :asset "5", :last 0.62283M, :volume 1.0M, :spread 0.00004M, :market :ctrader2, :timestamp #time/instant "2025-03-03T01:49:00.102535532Z"}
{:bid 150.401M, :ask 150.403M, :asset "4", :last 150.402M, :volume 1.0M, :spread 0.002M, :market :ctrader2, :timestamp #time/instant "2025-03-03T01:49:00.160629420Z"}
{:bid 1.26108M, :ask 1.2611M, :asset "2", :last 1.26109M, :volume 1.0M, :spread 0.00002M, :market :ctrader2, :timestamp #time/instant "2025-03-03T01:49:00.185518463Z"}
{:bid 93.671M, :ask 93.679M, :asset "11", :last 93.675M, :volume 1.0M, :spread 0.008M, :market :ctrader2, :timestamp #time/instant "2025-03-03T01:49:00.209623931Z"}
{:bid 2.02474M, :ask 2.02484M, :asset "16", :last 2.02479M, :volume 1.0M, :spread 0.00010M, :market :ctrader2, :timestamp #time/instant "2025-03-03T01:49:00.220397653Z"}
{:bid 1.82022M, :ask 1.82027M, :asset "19", :last 1.820245M, :volume 1.0M, :spread 0.00005M, :market :ctrader2, :timestamp #time/instant "2025-03-03T01:49:00.226651020Z"}
{:bid 2.247M, :ask 2.2473M, :asset "25", :last 2.24715M, :volume 1.0M, :spread 0.0003M, :market :ctrader2, :timestamp #time/instant "2025-03-03T01:49:00.235565390Z"}
{:bid 189.666M, :ask 189.676M, :asset "7", :last 189.671M, :volume 1.0M, :spread 0.010M, :market :ctrader2, :timestamp #time/instant "2025-03-03T01:49:00.258027046Z"}
{:bid 1.67292M, :ask 1.67298M, :asset "14", :last 1.67295M, :volume 1.0M, :spread 0.00006M, :market :ctrader2, :timestamp #time/instant "2025-03-03T01:49:00.278859441Z"}
{:bid 1.10976M, :ask 1.10992M, :asset "20", :last 1.10984M, :volume 1.0M, :spread 0.00016M, :market :ctrader2, :timestamp #time/instant "2025-03-03T01:49:00.288341161Z"}
{:bid 0.89896M, :ask 0.89903M, :asset "18", :last 0.898995M, :volume 1.0M, :spread 0.00007M, :market :ctrader2, :timestamp #time/instant "2025-03-03T01:49:00.298363742Z"}
{:bid 0.62282M, :ask 0.62286M, :asset "5", :last 0.62284M, :volume 1.0M, :spread 0.00004M, :market :ctrader2, :timestamp #time/instant "2025-03-03T01:49:00.305529636Z"}
{:bid 93.672M, :ask 93.68M, :asset "11", :last 93.676M, :volume 1.0M, :spread 0.008M, :market :ctrader2, :timestamp #time/instant "2025-03-03T01:49:00.417020793Z"}
{:bid 104.197M, :ask 104.205M, :asset "15", :last 104.201M, :volume 1.0M, :spread 0.008M, :market :ctrader2, :timestamp #time/instant "2025-03-03T01:49:00.423044880Z"}
{:bid 166.674M, :ask 166.692M, :asset "13", :last 166.683M, :volume 1.0M, :spread 0.018M, :market :ctrader2, :timestamp #time/instant "2025-03-03T01:49:00.431333038Z"}
{:bid 2.02471M, :ask 2.02481M, :asset "16", :last 2.02476M, :volume 1.0M, :spread 0.00010M, :market :ctrader2, :timestamp #time/instant "2025-03-03T01:49:00.438077207Z"}
{:bid 1.67296M, :ask 1.67302M, :asset "14", :last 1.67299M, :volume 1.0M, :spread 0.00006M, :market :ctrader2, :timestamp #time/instant "2025-03-03T01:49:00.477855409Z"}
{:bid 1.50397M, :ask 1.504M, :asset "17", :last 1.503985M, :volume 1.0M, :spread 0.00003M, :market :ctrader2, :timestamp #time/instant "2025-03-03T01:49:00.483787134Z"}
{:bid 20.4619M, :ask 20.4667M, :asset "24", :last 20.4643M, :volume 1.0M, :spread 0.0048M, :market :ctrader2, :timestamp #time/instant "2025-03-03T01:49:00.492087249Z"}
{:bid 1.10974M, :ask 1.1099M, :asset "20", :last 1.10982M, :volume 1.0M, :spread 0.00016M, :market :ctrader2, :timestamp #time/instant "2025-03-03T01:49:00.498035499Z"}
{:bid 0.89895M, :ask 0.89901M, :asset "18", :last 0.89898M, :volume 1.0M, :spread 0.00006M, :market :ctrader2, :timestamp #time/instant "2025-03-03T01:49:00.508522600Z"}
{:bid 0.62281M, :ask 0.62285M, :asset "5", :last 0.62283M, :volume 1.0M, :spread 0.00004M, :market :ctrader2, :timestamp #time/instant "2025-03-03T01:49:00.514893916Z"}
{:bid 1.04198M, :ask 1.04198M, :asset "1", :last 1.04198M, :volume 1.0M, :spread 0.00000M, :market :ctrader2, :timestamp #time/instant "2025-03-03T01:49:00.523974973Z"}
{:bid 1.44346M, :ask 1.44347M, :asset "8", :last 1.443465M, :volume 1.0M, :spread 0.00001M, :market :ctrader2, :timestamp #time/instant "2025-03-03T01:49:00.559218145Z"}
{:bid 156.711M, :ask 156.715M, :asset "3", :last 156.713M, :volume 1.0M, :spread 0.004M, :market :ctrader2, :timestamp #time/instant "2025-03-03T01:49:00.598231105Z"}
{:bid 0.56115M, :ask 0.56122M, :asset "12", :last 0.561185M, :volume 1.0M, :spread 0.00007M, :market :ctrader2, :timestamp #time/instant "2025-03-03T01:49:00.604735998Z"}
{:bid 93.671M, :ask 93.678M, :asset "11", :last 93.6745M, :volume 1.0M, :spread 0.007M, :market :ctrader2, :timestamp #time/instant "2025-03-03T01:49:00.618034571Z"}
{:bid 104.196M, :ask 104.204M, :asset "15", :last 104.20M, :volume 1.0M, :spread 0.008M, :market :ctrader2, :timestamp #time/instant "2025-03-03T01:49:00.624339636Z"}
{:bid 84.397M, :ask 84.41M, :asset "21", :last 84.4035M, :volume 1.0M, :spread 0.013M, :market :ctrader2, :timestamp #time/instant "2025-03-03T01:49:00.634477982Z"}
{:bid 1.85658M, :ask 1.85688M, :asset "26", :last 1.85673M, :volume 1.0M, :spread 0.00030M, :market :ctrader2, :timestamp #time/instant "2025-03-03T01:49:00.640393303Z"}
{:bid 2.02474M, :ask 2.02484M, :asset "16", :last 2.02479M, :volume 1.0M, :spread 0.00010M, :market :ctrader2, :timestamp #time/instant "2025-03-03T01:49:00.654315542Z"}
{:bid 1.82024M, :ask 1.82028M, :asset "19", :last 1.82026M, :volume 1.0M, :spread 0.00004M, :market :ctrader2, :timestamp #time/instant "2025-03-03T01:49:00.660574725Z"}
{:bid 0.62508M, :ask 0.6252M, :asset "27", :last 0.62514M, :volume 1.0M, :spread 0.00012M, :market :ctrader2, :timestamp #time/instant "2025-03-03T01:49:00.668664308Z"}
{:bid 2.24704M, :ask 2.24734M, :asset "25", :last 2.24719M, :volume 1.0M, :spread 0.00030M, :market :ctrader2, :timestamp #time/instant "2025-03-03T01:49:00.674529681Z"}
{:bid 1.34863M, :ask 1.34868M, :asset "28", :last 1.348655M, :volume 1.0M, :spread 0.00005M, :market :ctrader2, :timestamp #time/instant "2025-03-03T01:49:00.682626935Z"}
{:bid 1.67294M, :ask 1.673M, :asset "14", :last 1.67297M, :volume 1.0M, :spread 0.00006M, :market :ctrader2, :timestamp #time/instant "2025-03-03T01:49:00.692258275Z"}
{:bid 1.50396M, :ask 1.504M, :asset "17", :last 1.50398M, :volume 1.0M, :spread 0.00004M, :market :ctrader2, :timestamp #time/instant "2025-03-03T01:49:00.700055553Z"}
{:bid 20.4625M, :ask 20.4673M, :asset "24", :last 20.4649M, :volume 1.0M, :spread 0.0048M, :market :ctrader2, :timestamp #time/instant "2025-03-03T01:49:00.706088329Z"}
{:bid 1.10976M, :ask 1.10992M, :asset "20", :last 1.10984M, :volume 1.0M, :spread 0.00016M, :market :ctrader2, :timestamp #time/instant "2025-03-03T01:49:00.714270151Z"}
{:bid 0.80995M, :ask 0.81008M, :asset "30", :last 0.810015M, :volume 1.0M, :spread 0.00013M, :market :ctrader2, :timestamp #time/instant "2025-03-03T01:49:00.719963261Z"}
{:bid 0.89895M, :ask 0.89902M, :asset "18", :last 0.898985M, :volume 1.0M, :spread 0.00007M, :market :ctrader2, :timestamp #time/instant "2025-03-03T01:49:00.728034021Z"}
{:bid 20.4624M, :ask 20.4671M, :asset "24", :last 20.46475M, :volume 1.0M, :spread 0.0047M, :market :ctrader2, :timestamp #time/instant "2025-03-03T01:49:00.974421305Z"}
{:bid 1.04197M, :ask 1.04197M, :asset "1", :last 1.04197M, :volume 1.0M, :spread 0.00000M, :market :ctrader2, :timestamp #time/instant "2025-03-03T01:49:01.095387105Z"}
{:bid 84.397M, :ask 84.409M, :asset "21", :last 84.403M, :volume 1.0M, :spread 0.012M, :market :ctrader2, :timestamp #time/instant "2025-03-03T01:49:01.223536380Z"}
{:bid 1.85662M, :ask 1.85688M, :asset "26", :last 1.85675M, :volume 1.0M, :spread 0.00026M, :market :ctrader2, :timestamp #time/instant "2025-03-03T01:49:01.233638788Z"}
{:bid 2.24708M, :ask 2.24734M, :asset "25", :last 2.24721M, :volume 1.0M, :spread 0.00026M, :market :ctrader2, :timestamp #time/instant "2025-03-03T01:49:01.241774473Z"}
{:bid 1.10978M, :ask 1.10992M, :asset "20", :last 1.10985M, :volume 1.0M, :spread 0.00014M, :market :ctrader2, :timestamp #time/instant "2025-03-03T01:49:01.280833525Z"}
{:bid 0.80995M, :ask 0.81006M, :asset "30", :last 0.810005M, :volume 1.0M, :spread 0.00011M, :market :ctrader2, :timestamp #time/instant "2025-03-03T01:49:01.287465052Z"}
{:bid 156.712M, :ask 156.716M, :asset "3", :last 156.714M, :volume 1.0M, :spread 0.004M, :market :ctrader2, :timestamp #time/instant "2025-03-03T01:49:01.297273592Z"}
{:bid 189.667M, :ask 189.677M, :asset "7", :last 189.672M, :volume 1.0M, :spread 0.010M, :market :ctrader2, :timestamp #time/instant "2025-03-03T01:49:01.304893032Z"}
{:bid 0.56115M, :ask 0.56121M, :asset "12", :last 0.56118M, :volume 1.0M, :spread 0.00006M, :market :ctrader2, :timestamp #time/instant "2025-03-03T01:49:01.313536199Z"}
{:bid 150.402M, :ask 150.404M, :asset "4", :last 150.403M, :volume 1.0M, :spread 0.002M, :market :ctrader2, :timestamp #time/instant "2025-03-03T01:49:01.334244920Z"}
{:bid 93.671M, :ask 93.679M, :asset "11", :last 93.675M, :volume 1.0M, :spread 0.008M, :market :ctrader2, :timestamp #time/instant "2025-03-03T01:49:01.423389823Z"}
{:bid 104.197M, :ask 104.205M, :asset "15", :last 104.201M, :volume 1.0M, :spread 0.008M, :market :ctrader2, :timestamp #time/instant "2025-03-03T01:49:01.430444166Z"}
{:bid 166.676M, :ask 166.693M, :asset "13", :last 166.6845M, :volume 1.0M, :spread 0.017M, :market :ctrader2, :timestamp #time/instant "2025-03-03T01:49:01.438084403Z"}
{:bid 84.398M, :ask 84.409M, :asset "21", :last 84.4035M, :volume 1.0M, :spread 0.011M, :market :ctrader2, :timestamp #time/instant "2025-03-03T01:49:01.443857714Z"}
{:bid 189.666M, :ask 189.676M, :asset "7", :last 189.671M, :volume 1.0M, :spread 0.010M, :market :ctrader2, :timestamp #time/instant "2025-03-03T01:49:01.497327505Z"}
{:bid 150.401M, :ask 150.403M, :asset "4", :last 150.402M, :volume 1.0M, :spread 0.002M, :market :ctrader2, :timestamp #time/instant "2025-03-03T01:49:01.551216421Z"}
{:bid 1.04196M, :ask 1.04196M, :asset "1", :last 1.04196M, :volume 1.0M, :spread 0.00000M, :market :ctrader2, :timestamp #time/instant "2025-03-03T01:49:01.560279614Z"}
{:bid 1.67293M, :ask 1.67299M, :asset "14", :last 1.67296M, :volume 1.0M, :spread 0.00006M, :market :ctrader2, :timestamp #time/instant "2025-03-03T01:49:01.578255048Z"}
{:bid 1.50395M, :ask 1.50398M, :asset "17", :last 1.503965M, :volume 1.0M, :spread 0.00003M, :market :ctrader2, :timestamp #time/instant "2025-03-03T01:49:01.587914715Z"}
{:bid 93.671M, :ask 93.678M, :asset "11", :last 93.6745M, :volume 1.0M, :spread 0.007M, :market :ctrader2, :timestamp #time/instant "2025-03-03T01:49:01.628358118Z"}
{:bid 104.196M, :ask 104.204M, :asset "15", :last 104.20M, :volume 1.0M, :spread 0.008M, :market :ctrader2, :timestamp #time/instant "2025-03-03T01:49:01.638283919Z"}
{:bid 166.674M, :ask 166.692M, :asset "13", :last 166.683M, :volume 1.0M, :spread 0.018M, :market :ctrader2, :timestamp #time/instant "2025-03-03T01:49:01.645945991Z"}
{:bid 84.397M, :ask 84.409M, :asset "21", :last 84.403M, :volume 1.0M, :spread 0.012M, :market :ctrader2, :timestamp #time/instant "2025-03-03T01:49:01.655802970Z"}
{:bid 1.8566M, :ask 1.85686M, :asset "26", :last 1.85673M, :volume 1.0M, :spread 0.00026M, :market :ctrader2, :timestamp #time/instant "2025-03-03T01:49:01.662257774Z"}
{:bid 11.2137M, :ask 11.2175M, :asset "22", :last 11.2156M, :volume 1.0M, :spread 0.0038M, :market :ctrader2, :timestamp #time/instant "2025-03-03T01:49:01.672297102Z"}
{:bid 10.7204M, :ask 10.7247M, :asset "29", :last 10.72255M, :volume 1.0M, :spread 0.0043M, :market :ctrader2, :timestamp #time/instant "2025-03-03T01:49:01.681737698Z"}
{:bid 20.4625M, :ask 20.4673M, :asset "24", :last 20.4649M, :volume 1.0M, :spread 0.0048M, :market :ctrader2, :timestamp #time/instant "2025-03-03T01:49:01.778641668Z"}
{:bid 1.10976M, :ask 1.1099M, :asset "20", :last 1.10983M, :volume 1.0M, :spread 0.00014M, :market :ctrader2, :timestamp #time/instant "2025-03-03T01:49:01.983242854Z"}
{:bid 0.80997M, :ask 0.81008M, :asset "30", :last 0.810025M, :volume 1.0M, :spread 0.00011M, :market :ctrader2, :timestamp #time/instant "2025-03-03T01:49:01.992570372Z"}
{:bid 0.56116M, :ask 0.56122M, :asset "12", :last 0.56119M, :volume 1.0M, :spread 0.00006M, :market :ctrader2, :timestamp #time/instant "2025-03-03T01:49:01.999905779Z"}
{:bid 93.67M, :ask 93.677M, :asset "11", :last 93.6735M, :volume 1.0M, :spread 0.007M, :market :ctrader2, :timestamp #time/instant "2025-03-03T01:49:02.033113805Z"}
{:bid 104.197M, :ask 104.205M, :asset "15", :last 104.201M, :volume 1.0M, :spread 0.008M, :market :ctrader2, :timestamp #time/instant "2025-03-03T01:49:02.038744449Z"}
{:bid 166.676M, :ask 166.693M, :asset "13", :last 166.6845M, :volume 1.0M, :spread 0.017M, :market :ctrader2, :timestamp #time/instant "2025-03-03T01:49:02.049553835Z"}
{:bid 84.399M, :ask 84.411M, :asset "21", :last 84.405M, :volume 1.0M, :spread 0.012M, :market :ctrader2, :timestamp #time/instant "2025-03-03T01:49:02.055191795Z"}
{:bid 1.85657M, :ask 1.85683M, :asset "26", :last 1.8567M, :volume 1.0M, :spread 0.00026M, :market :ctrader2, :timestamp #time/instant "2025-03-03T01:49:02.062959275Z"}
{:bid 0.56194M, :ask 0.56203M, :asset "23", :last 0.561985M, :volume 1.0M, :spread 0.00009M, :market :ctrader2, :timestamp #time/instant "2025-03-03T01:49:02.068862763Z"}
{:bid 2.02477M, :ask 2.02487M, :asset "16", :last 2.02482M, :volume 1.0M, :spread 0.00010M, :market :ctrader2, :timestamp #time/instant "2025-03-03T01:49:02.076711563Z"}
{:bid 2.24704M, :ask 2.2473M, :asset "25", :last 2.24717M, :volume 1.0M, :spread 0.00026M, :market :ctrader2, :timestamp #time/instant "2025-03-03T01:49:02.082469032Z"}
{:bid 150.402M, :ask 150.404M, :asset "4", :last 150.403M, :volume 1.0M, :spread 0.002M, :market :ctrader2, :timestamp #time/instant "2025-03-03T01:49:02.091973070Z"}
{:bid 1.67295M, :ask 1.67302M, :asset "14", :last 1.672985M, :volume 1.0M, :spread 0.00007M, :market :ctrader2, :timestamp #time/instant "2025-03-03T01:49:02.097571866Z"}
{:bid 0.89894M, :ask 0.899M, :asset "18", :last 0.89897M, :volume 1.0M, :spread 0.00006M, :market :ctrader2, :timestamp #time/instant "2025-03-03T01:49:02.105240611Z"}
{:bid 0.6228M, :ask 0.62284M, :asset "5", :last 0.62282M, :volume 1.0M, :spread 0.00004M, :market :ctrader2, :timestamp #time/instant "2025-03-03T01:49:02.112299279Z"}
{:bid 189.667M, :ask 189.677M, :asset "7", :last 189.672M, :volume 1.0M, :spread 0.010M, :market :ctrader2, :timestamp #time/instant "2025-03-03T01:49:02.120002618Z"}
{:bid 1.10975M, :ask 1.10987M, :asset "20", :last 1.10981M, :volume 1.0M, :spread 0.00012M, :market :ctrader2, :timestamp #time/instant "2025-03-03T01:49:02.181667666Z"}
{:bid 0.80998M, :ask 0.81008M, :asset "30", :last 0.81003M, :volume 1.0M, :spread 0.00010M, :market :ctrader2, :timestamp #time/instant "2025-03-03T01:49:02.190316807Z"}
{:bid 0.9023M, :ask 0.90236M, :asset "6", :last 0.90233M, :volume 1.0M, :spread 0.00006M, :market :ctrader2, :timestamp #time/instant "2025-03-03T01:49:02.200267428Z"}
{:bid 0.56117M, :ask 0.56122M, :asset "12", :last 0.561195M, :volume 1.0M, :spread 0.00005M, :market :ctrader2, :timestamp #time/instant "2025-03-03T01:49:02.208395222Z"}
{:bid 93.671M, :ask 93.679M, :asset "11", :last 93.675M, :volume 1.0M, :spread 0.008M, :market :ctrader2, :timestamp #time/instant "2025-03-03T01:49:02.237163802Z"}
{:bid 166.676M, :ask 166.691M, :asset "13", :last 166.6835M, :volume 1.0M, :spread 0.015M, :market :ctrader2, :timestamp #time/instant "2025-03-03T01:49:02.244542756Z"}
{:bid 84.401M, :ask 84.411M, :asset "21", :last 84.406M, :volume 1.0M, :spread 0.010M, :market :ctrader2, :timestamp #time/instant "2025-03-03T01:49:02.250398598Z"}
{:bid 1.85657M, :ask 1.85679M, :asset "26", :last 1.85668M, :volume 1.0M, :spread 0.00022M, :market :ctrader2, :timestamp #time/instant "2025-03-03T01:49:02.258928238Z"}
{:bid 0.56195M, :ask 0.56204M, :asset "23", :last 0.561995M, :volume 1.0M, :spread 0.00009M, :market :ctrader2, :timestamp #time/instant "2025-03-03T01:49:02.265356422Z"}
{:bid 2.02474M, :ask 2.02484M, :asset "16", :last 2.02479M, :volume 1.0M, :spread 0.00010M, :market :ctrader2, :timestamp #time/instant "2025-03-03T01:49:02.274787584Z"}
{:bid 2.24704M, :ask 2.24726M, :asset "25", :last 2.24715M, :volume 1.0M, :spread 0.00022M, :market :ctrader2, :timestamp #time/instant "2025-03-03T01:49:02.280934038Z"}
{:bid 1.67293M, :ask 1.67299M, :asset "14", :last 1.67296M, :volume 1.0M, :spread 0.00006M, :market :ctrader2, :timestamp #time/instant "2025-03-03T01:49:02.291555922Z"}